    Blocking waiting for file lock on build directory
⚡ Found 3 strongly connected components which includes at least one cycle each
cycle(001) ∈ α: ApprovalVoting ~~{"DisputeCoordinatorMessage"}~~> DisputeCoordinator ~~{"ApprovalVotingMessage"}~~>  *
cycle(002) ∈ β: CandidateBacking ~~{"CollatorProtocolMessage"}~~> CollatorProtocol ~~{"CandidateBackingMessage"}~~>  *
cycle(003) ∈ γ: NetworkBridgeRx ~~{"GossipSupportMessage"}~~> GossipSupport ~~{"NetworkBridgeRxMessage"}~~>  *
   Compiling westend-runtime v1.0.0 (https://github.com/paritytech/polkadot-sdk?tag=polkadot-v1.1.0#f60318f6)
   Compiling bridge-hub-polkadot-runtime v0.1.0 (https://github.com/paritytech/polkadot-sdk?tag=polkadot-v1.1.0#f60318f6)
   Compiling asset-hub-kusama-runtime v0.9.420 (https://github.com/paritytech/polkadot-sdk?tag=polkadot-v1.1.0#f60318f6)
   Compiling collectives-polkadot-runtime v1.0.0 (https://github.com/paritytech/polkadot-sdk?tag=polkadot-v1.1.0#f60318f6)
   Compiling bridge-hub-rococo-runtime v0.1.0 (https://github.com/paritytech/polkadot-sdk?tag=polkadot-v1.1.0#f60318f6)
   Compiling polkadot-runtime v1.0.0 (https://github.com/paritytech/polkadot-sdk?tag=polkadot-v1.1.0#f60318f6)
   Compiling asset-hub-westend-runtime v0.9.420 (https://github.com/paritytech/polkadot-sdk?tag=polkadot-v1.1.0#f60318f6)
   Compiling penpal-runtime v0.9.27 (https://github.com/paritytech/polkadot-sdk?tag=polkadot-v1.1.0#f60318f6)
   Compiling asset-hub-polkadot-runtime v0.9.420 (https://github.com/paritytech/polkadot-sdk?tag=polkadot-v1.1.0#f60318f6)
   Compiling rococo-runtime v1.0.0 (https://github.com/paritytech/polkadot-sdk?tag=polkadot-v1.1.0#f60318f6)
   Compiling bridge-hub-kusama-runtime v0.1.0 (https://github.com/paritytech/polkadot-sdk?tag=polkadot-v1.1.0#f60318f6)
   Compiling staging-kusama-runtime v1.0.0 (https://github.com/paritytech/polkadot-sdk?tag=polkadot-v1.1.0#f60318f6)
   Compiling peregrine-runtime v1.14.0-dev (/home/adel/kilt-node/runtimes/peregrine)
   Compiling spiritnet-runtime v1.14.0-dev (/home/adel/kilt-node/runtimes/spiritnet)
    Checking integration-tests-common v1.0.0 (https://github.com/paritytech/polkadot-sdk?tag=polkadot-v1.1.0#f60318f6)
    Checking xcm-integration-tests v1.14.0-dev (/home/adel/kilt-node/integration-tests/emulated)
error[E0432]: unresolved import `integration_tests_common::Get`
  --> integration-tests/emulated/src/mock/network.rs:17:5
   |
17 | use integration_tests_common::Get;
   |     ^^^^^^^^^^^^^^^^^^^^^^^^^^^^^ no `Get` in the root
   |
help: consider importing one of these items instead
   |
17 | use frame_support::pallet_prelude::Get;
   |     ~~~~~~~~~~~~~~~~~~~~~~~~~~~~~~~~~~
17 | use polkadot_service::runtime_traits::Get;
   |     ~~~~~~~~~~~~~~~~~~~~~~~~~~~~~~~~~~~~~
17 | use sp_core::Get;
   |     ~~~~~~~~~~~~
17 | use sp_runtime::offchain::http::Method::Get;
   |     ~~~~~~~~~~~~~~~~~~~~~~~~~~~~~~~~~~~~~~~
     and 2 other candidates

error[E0432]: unresolved import `xcm_emulator::OriginKind`
  --> integration-tests/emulated/src/tests/peregrine/did_pallets/association.rs:23:44
   |
23 | use xcm_emulator::{assert_expected_events, OriginKind, Parachain, TestExt};
   |                                            ^^^^^^^^^^ no `OriginKind` in the root
   |
   = help: consider importing one of these items instead:
           cumulus_primitives_core::OriginKind
           integration_tests_common::impls::OriginKind
           xcm::opaque::lts::OriginKind

error[E0432]: unresolved import `xcm_emulator::OriginKind`
  --> integration-tests/emulated/src/tests/peregrine/did_pallets/attestation.rs:24:44
   |
24 | use xcm_emulator::{assert_expected_events, OriginKind, Parachain, TestExt};
   |                                            ^^^^^^^^^^ no `OriginKind` in the root
   |
   = help: consider importing one of these items instead:
           cumulus_primitives_core::OriginKind
           integration_tests_common::impls::OriginKind
           xcm::opaque::lts::OriginKind

error[E0432]: unresolved import `xcm_emulator::OriginKind`
  --> integration-tests/emulated/src/tests/peregrine/did_pallets/ctype.rs:23:44
   |
23 | use xcm_emulator::{assert_expected_events, OriginKind, Parachain, TestExt};
   |                                            ^^^^^^^^^^ no `OriginKind` in the root
   |
   = help: consider importing one of these items instead:
           cumulus_primitives_core::OriginKind
           integration_tests_common::impls::OriginKind
           xcm::opaque::lts::OriginKind

error[E0432]: unresolved import `xcm_emulator::OriginKind`
  --> integration-tests/emulated/src/tests/peregrine/did_pallets/did.rs:25:44
   |
25 | use xcm_emulator::{assert_expected_events, OriginKind, Parachain, TestExt};
   |                                            ^^^^^^^^^^ no `OriginKind` in the root
   |
   = help: consider importing one of these items instead:
           cumulus_primitives_core::OriginKind
           integration_tests_common::impls::OriginKind
           xcm::opaque::lts::OriginKind

error[E0432]: unresolved import `xcm_emulator::OriginKind`
  --> integration-tests/emulated/src/tests/peregrine/did_pallets/public_credentials.rs:24:44
   |
24 | use xcm_emulator::{assert_expected_events, OriginKind, Parachain, TestExt};
   |                                            ^^^^^^^^^^ no `OriginKind` in the root
   |
   = help: consider importing one of these items instead:
           cumulus_primitives_core::OriginKind
           integration_tests_common::impls::OriginKind
           xcm::opaque::lts::OriginKind

error[E0432]: unresolved import `xcm_emulator::OriginKind`
  --> integration-tests/emulated/src/tests/peregrine/did_pallets/unallowed_did_call.rs:23:44
   |
23 | use xcm_emulator::{assert_expected_events, OriginKind, Parachain, TestExt};
   |                                            ^^^^^^^^^^ no `OriginKind` in the root
   |
   = help: consider importing one of these items instead:
           cumulus_primitives_core::OriginKind
           integration_tests_common::impls::OriginKind
           xcm::opaque::lts::OriginKind

error[E0432]: unresolved imports `xcm_emulator::Instruction`, `xcm_emulator::Junction`, `xcm_emulator::Junctions`, `xcm_emulator::Junctions`, `xcm_emulator::OriginKind`, `xcm_emulator::ParentThen`, `xcm_emulator::Xcm`
  --> integration-tests/emulated/src/tests/peregrine/did_pallets/utils.rs:27:2
   |
27 |     Instruction::{BuyExecution, Transact, WithdrawAsset},
   |     ^^^^^^^^^^^ could not find `Instruction` in `xcm_emulator`
28 |     Junction,
   |     ^^^^^^^^ no `Junction` in the root
29 |     Junctions::{self, Here},
   |     ^^^^^^^^^   ^^^^ no `Junctions` in the root
   |     |
   |     could not find `Junctions` in `xcm_emulator`
30 |     OriginKind, ParentThen, Weight, WeightLimit, Xcm,
   |     ^^^^^^^^^^  ^^^^^^^^^^                       ^^^ no `Xcm` in the root
   |     |           |
   |     |           no `ParentThen` in the root
   |     no `OriginKind` in the root
   |
   = help: consider importing one of these items instead:
           cumulus_primitives_core::Junction
           xcm::opaque::lts::Junction
           xcm::opaque::v2::Junction
   = help: consider importing one of these items instead:
           cumulus_primitives_core::Junctions
           xcm::opaque::lts::Junctions
           xcm::opaque::v2::Junctions
   = help: consider importing one of these items instead:
           cumulus_primitives_core::OriginKind
           integration_tests_common::impls::OriginKind
           xcm::opaque::lts::OriginKind
   = help: consider importing one of these items instead:
           cumulus_primitives_core::ParentThen
           xcm::opaque::lts::ParentThen
           xcm::opaque::v2::ParentThen
   = help: consider importing one of these items instead:
           cumulus_primitives_core::OriginKind::Xcm
           cumulus_primitives_core::Xcm
           cumulus_primitives_core::opaque::Xcm
           integration_tests_common::impls::OriginKind::Xcm
           pallet_xcm::Origin::Xcm
           xcm::opaque::lts::OriginKind::Xcm
           xcm::opaque::lts::Xcm
           xcm::opaque::lts::prelude::Xcm
           xcm::opaque::v2::Xcm
           xcm::opaque::v2::prelude::Xcm

error[E0432]: unresolved import `xcm_emulator::OriginKind`
  --> integration-tests/emulated/src/tests/peregrine/did_pallets/w3n.rs:24:44
   |
24 | use xcm_emulator::{assert_expected_events, OriginKind, Parachain, TestExt};
   |                                            ^^^^^^^^^^ no `OriginKind` in the root
   |
   = help: consider importing one of these items instead:
           cumulus_primitives_core::OriginKind
           integration_tests_common::impls::OriginKind
           xcm::opaque::lts::OriginKind

error[E0432]: unresolved imports `xcm_emulator::cumulus_pallet_xcmp_queue`, `xcm_emulator::Here`, `xcm_emulator::Junction`, `xcm_emulator::Junctions`, `xcm_emulator::ParentThen`
  --> integration-tests/emulated/src/tests/peregrine/reserve_transfers.rs:27:26
   |
27 |     assert_expected_events, cumulus_pallet_xcmp_queue::Event as XcmpQueueEvent, Here, Junction, Junctions, Parachain,
   |                             ^^^^^^^^^^^^^^^^^^^^^^^^^                           ^^^^  ^^^^^^^^  ^^^^^^^^^ no `Junctions` in the root
   |                             |                                                   |     |
   |                             |                                                   |     no `Junction` in the root
   |                             |                                                   no `Here` in the root
   |                             could not find `cumulus_pallet_xcmp_queue` in `xcm_emulator`
28 |     Parent, ParentThen, TestExt, X1,
   |             ^^^^^^^^^^ no `ParentThen` in the root
   |
   = help: consider importing one of these items instead:
           cumulus_primitives_core::Here
           pallet_message_queue::mock_helpers::MessageOrigin::Here
           xcm::opaque::lts::Junctions::Here
           xcm::opaque::v2::Junctions::Here
   = help: consider importing one of these items instead:
           cumulus_primitives_core::Junction
           xcm::opaque::lts::Junction
           xcm::opaque::v2::Junction
   = help: consider importing one of these items instead:
           cumulus_primitives_core::Junctions
           xcm::opaque::lts::Junctions
           xcm::opaque::v2::Junctions
   = help: consider importing one of these items instead:
           cumulus_primitives_core::ParentThen
           xcm::opaque::lts::ParentThen
           xcm::opaque::v2::ParentThen

error[E0432]: unresolved imports `xcm_emulator::Here`, `xcm_emulator::Instruction`, `xcm_emulator::Junction`, `xcm_emulator::Junctions`, `xcm_emulator::OriginKind`, `xcm_emulator::ParentThen`, `xcm_emulator::Xcm`
  --> integration-tests/emulated/src/tests/peregrine/sudo.rs:24:26
   |
24 |     assert_expected_events, Here,
   |                             ^^^^ no `Here` in the root
25 |     Instruction::{BuyExecution, Transact, UnpaidExecution, WithdrawAsset},
   |     ^^^^^^^^^^^ could not find `Instruction` in `xcm_emulator`
26 |     Junction, Junctions, OriginKind, Parachain, ParentThen, RelayChain, TestExt, Weight, Xcm,
   |     ^^^^^^^^  ^^^^^^^^^  ^^^^^^^^^^             ^^^^^^^^^^ no `ParentThen` in the root   ^^^ no `Xcm` in the root
   |     |         |          |
   |     |         |          no `OriginKind` in the root
   |     |         no `Junctions` in the root
   |     no `Junction` in the root
   |
   = help: consider importing one of these items instead:
           cumulus_primitives_core::Here
           pallet_message_queue::mock_helpers::MessageOrigin::Here
           xcm::opaque::lts::Junctions::Here
           xcm::opaque::v2::Junctions::Here
   = help: consider importing one of these items instead:
           cumulus_primitives_core::Junction
           xcm::opaque::lts::Junction
           xcm::opaque::v2::Junction
   = help: consider importing one of these items instead:
           cumulus_primitives_core::Junctions
           xcm::opaque::lts::Junctions
           xcm::opaque::v2::Junctions
   = help: consider importing one of these items instead:
           cumulus_primitives_core::OriginKind
           integration_tests_common::impls::OriginKind
           xcm::opaque::lts::OriginKind
   = help: consider importing one of these items instead:
           cumulus_primitives_core::ParentThen
           xcm::opaque::lts::ParentThen
           xcm::opaque::v2::ParentThen
   = help: consider importing one of these items instead:
           cumulus_primitives_core::OriginKind::Xcm
           cumulus_primitives_core::Xcm
           cumulus_primitives_core::opaque::Xcm
           integration_tests_common::impls::OriginKind::Xcm
           pallet_xcm::Origin::Xcm
           xcm::opaque::lts::OriginKind::Xcm
           xcm::opaque::lts::Xcm
           xcm::opaque::lts::prelude::Xcm
           xcm::opaque::v2::Xcm
           xcm::opaque::v2::prelude::Xcm

error[E0432]: unresolved imports `xcm_emulator::Here`, `xcm_emulator::Junction`, `xcm_emulator::Junctions`, `xcm_emulator::ParentThen`
  --> integration-tests/emulated/src/tests/peregrine/teleportation.rs:25:20
   |
25 | use xcm_emulator::{Here, Junction, Junctions, ParentThen, TestExt, X1};
   |                    ^^^^  ^^^^^^^^  ^^^^^^^^^  ^^^^^^^^^^ no `ParentThen` in the root
   |                    |     |         |
   |                    |     |         no `Junctions` in the root
   |                    |     no `Junction` in the root
   |                    no `Here` in the root
   |
   = help: consider importing one of these items instead:
           cumulus_primitives_core::Here
           pallet_message_queue::mock_helpers::MessageOrigin::Here
           xcm::opaque::lts::Junctions::Here
           xcm::opaque::v2::Junctions::Here
   = help: consider importing one of these items instead:
           cumulus_primitives_core::Junction
           xcm::opaque::lts::Junction
           xcm::opaque::v2::Junction
   = help: consider importing one of these items instead:
           cumulus_primitives_core::Junctions
           xcm::opaque::lts::Junctions
           xcm::opaque::v2::Junctions
   = help: consider importing one of these items instead:
           cumulus_primitives_core::ParentThen
           xcm::opaque::lts::ParentThen
           xcm::opaque::v2::ParentThen

error[E0432]: unresolved imports `xcm_emulator::Instruction`, `xcm_emulator::Junction`, `xcm_emulator::Junctions`, `xcm_emulator::Outcome`, `xcm_emulator::ParentThen`, `xcm_emulator::Xcm`
  --> integration-tests/emulated/src/tests/peregrine/unpaid_execution.rs:29:2
   |
29 |     Instruction::{Transact, UnpaidExecution},
   |     ^^^^^^^^^^^ could not find `Instruction` in `xcm_emulator`
30 |     Junction, Junctions, Outcome, Parachain, ParentThen, RelayChain, TestExt, Weight, Xcm,
   |     ^^^^^^^^  ^^^^^^^^^  ^^^^^^^             ^^^^^^^^^^ no `ParentThen` in the root   ^^^ no `Xcm` in the root
   |     |         |          |
   |     |         |          no `Outcome` in the root
   |     |         no `Junctions` in the root
   |     no `Junction` in the root
   |
   = help: consider importing one of these items instead:
           cumulus_primitives_core::Junction
           xcm::opaque::lts::Junction
           xcm::opaque::v2::Junction
   = help: consider importing one of these items instead:
           cumulus_primitives_core::Junctions
           xcm::opaque::lts::Junctions
           xcm::opaque::v2::Junctions
   = help: consider importing one of these items instead:
           cumulus_primitives_core::Outcome
           integration_tests_common::impls::Outcome
           xcm::opaque::lts::Outcome
           xcm::opaque::v2::Outcome
   = help: consider importing one of these items instead:
           cumulus_primitives_core::ParentThen
           xcm::opaque::lts::ParentThen
           xcm::opaque::v2::ParentThen
   = help: consider importing one of these items instead:
           cumulus_primitives_core::OriginKind::Xcm
           cumulus_primitives_core::Xcm
           cumulus_primitives_core::opaque::Xcm
           integration_tests_common::impls::OriginKind::Xcm
           pallet_xcm::Origin::Xcm
           xcm::opaque::lts::OriginKind::Xcm
           xcm::opaque::lts::Xcm
           xcm::opaque::lts::prelude::Xcm
           xcm::opaque::v2::Xcm
           xcm::opaque::v2::prelude::Xcm

error[E0432]: unresolved import `xcm_emulator::OriginKind`
  --> integration-tests/emulated/src/tests/spiritnet/did_pallets/association.rs:23:44
   |
23 | use xcm_emulator::{assert_expected_events, OriginKind, Parachain, TestExt};
   |                                            ^^^^^^^^^^ no `OriginKind` in the root
   |
   = help: consider importing one of these items instead:
           cumulus_primitives_core::OriginKind
           integration_tests_common::impls::OriginKind
           xcm::opaque::lts::OriginKind

error[E0432]: unresolved import `xcm_emulator::OriginKind`
  --> integration-tests/emulated/src/tests/spiritnet/did_pallets/attestation.rs:24:44
   |
24 | use xcm_emulator::{assert_expected_events, OriginKind, Parachain, TestExt};
   |                                            ^^^^^^^^^^ no `OriginKind` in the root
   |
   = help: consider importing one of these items instead:
           cumulus_primitives_core::OriginKind
           integration_tests_common::impls::OriginKind
           xcm::opaque::lts::OriginKind

error[E0432]: unresolved import `xcm_emulator::OriginKind`
  --> integration-tests/emulated/src/tests/spiritnet/did_pallets/ctype.rs:23:44
   |
23 | use xcm_emulator::{assert_expected_events, OriginKind, Parachain, TestExt};
   |                                            ^^^^^^^^^^ no `OriginKind` in the root
   |
   = help: consider importing one of these items instead:
           cumulus_primitives_core::OriginKind
           integration_tests_common::impls::OriginKind
           xcm::opaque::lts::OriginKind

error[E0432]: unresolved import `xcm_emulator::OriginKind`
  --> integration-tests/emulated/src/tests/spiritnet/did_pallets/did.rs:25:44
   |
25 | use xcm_emulator::{assert_expected_events, OriginKind, Parachain, TestExt};
   |                                            ^^^^^^^^^^ no `OriginKind` in the root
   |
   = help: consider importing one of these items instead:
           cumulus_primitives_core::OriginKind
           integration_tests_common::impls::OriginKind
           xcm::opaque::lts::OriginKind

error[E0432]: unresolved import `xcm_emulator::OriginKind`
  --> integration-tests/emulated/src/tests/spiritnet/did_pallets/public_credentials.rs:24:44
   |
24 | use xcm_emulator::{assert_expected_events, OriginKind, Parachain, TestExt};
   |                                            ^^^^^^^^^^ no `OriginKind` in the root
   |
   = help: consider importing one of these items instead:
           cumulus_primitives_core::OriginKind
           integration_tests_common::impls::OriginKind
           xcm::opaque::lts::OriginKind

error[E0432]: unresolved import `xcm_emulator::OriginKind`
  --> integration-tests/emulated/src/tests/spiritnet/did_pallets/unallowed_did_call.rs:23:44
   |
23 | use xcm_emulator::{assert_expected_events, OriginKind, Parachain, TestExt};
   |                                            ^^^^^^^^^^ no `OriginKind` in the root
   |
   = help: consider importing one of these items instead:
           cumulus_primitives_core::OriginKind
           integration_tests_common::impls::OriginKind
           xcm::opaque::lts::OriginKind

error[E0432]: unresolved imports `xcm_emulator::Instruction`, `xcm_emulator::Junction`, `xcm_emulator::Junctions`, `xcm_emulator::Junctions`, `xcm_emulator::OriginKind`, `xcm_emulator::ParentThen`, `xcm_emulator::Xcm`
  --> integration-tests/emulated/src/tests/spiritnet/did_pallets/utils.rs:27:2
   |
27 |     Instruction::{BuyExecution, Transact, WithdrawAsset},
   |     ^^^^^^^^^^^ could not find `Instruction` in `xcm_emulator`
28 |     Junction,
   |     ^^^^^^^^ no `Junction` in the root
29 |     Junctions::{self, Here},
   |     ^^^^^^^^^   ^^^^ no `Junctions` in the root
   |     |
   |     could not find `Junctions` in `xcm_emulator`
30 |     OriginKind, ParentThen, Weight, WeightLimit, Xcm,
   |     ^^^^^^^^^^  ^^^^^^^^^^                       ^^^ no `Xcm` in the root
   |     |           |
   |     |           no `ParentThen` in the root
   |     no `OriginKind` in the root
   |
   = help: consider importing one of these items instead:
           cumulus_primitives_core::Junction
           xcm::opaque::lts::Junction
           xcm::opaque::v2::Junction
   = help: consider importing one of these items instead:
           cumulus_primitives_core::Junctions
           xcm::opaque::lts::Junctions
           xcm::opaque::v2::Junctions
   = help: consider importing one of these items instead:
           cumulus_primitives_core::OriginKind
           integration_tests_common::impls::OriginKind
           xcm::opaque::lts::OriginKind
   = help: consider importing one of these items instead:
           cumulus_primitives_core::ParentThen
           xcm::opaque::lts::ParentThen
           xcm::opaque::v2::ParentThen
   = help: consider importing one of these items instead:
           cumulus_primitives_core::OriginKind::Xcm
           cumulus_primitives_core::Xcm
           cumulus_primitives_core::opaque::Xcm
           integration_tests_common::impls::OriginKind::Xcm
           pallet_xcm::Origin::Xcm
           xcm::opaque::lts::OriginKind::Xcm
           xcm::opaque::lts::Xcm
           xcm::opaque::lts::prelude::Xcm
           xcm::opaque::v2::Xcm
           xcm::opaque::v2::prelude::Xcm

error[E0432]: unresolved import `xcm_emulator::OriginKind`
  --> integration-tests/emulated/src/tests/spiritnet/did_pallets/w3n.rs:24:44
   |
24 | use xcm_emulator::{assert_expected_events, OriginKind, Parachain, TestExt};
   |                                            ^^^^^^^^^^ no `OriginKind` in the root
   |
   = help: consider importing one of these items instead:
           cumulus_primitives_core::OriginKind
           integration_tests_common::impls::OriginKind
           xcm::opaque::lts::OriginKind

error[E0432]: unresolved imports `xcm_emulator::cumulus_pallet_xcmp_queue`, `xcm_emulator::Here`, `xcm_emulator::Junction`, `xcm_emulator::Junctions`, `xcm_emulator::ParentThen`
  --> integration-tests/emulated/src/tests/spiritnet/reserve_transfers.rs:27:26
   |
27 |     assert_expected_events, cumulus_pallet_xcmp_queue::Event as XcmpQueueEvent, Here, Junction, Junctions, Parachain,
   |                             ^^^^^^^^^^^^^^^^^^^^^^^^^                           ^^^^  ^^^^^^^^  ^^^^^^^^^ no `Junctions` in the root
   |                             |                                                   |     |
   |                             |                                                   |     no `Junction` in the root
   |                             |                                                   no `Here` in the root
   |                             could not find `cumulus_pallet_xcmp_queue` in `xcm_emulator`
28 |     Parent, ParentThen, TestExt, X1,
   |             ^^^^^^^^^^ no `ParentThen` in the root
   |
   = help: consider importing one of these items instead:
           cumulus_primitives_core::Here
           pallet_message_queue::mock_helpers::MessageOrigin::Here
           xcm::opaque::lts::Junctions::Here
           xcm::opaque::v2::Junctions::Here
   = help: consider importing one of these items instead:
           cumulus_primitives_core::Junction
           xcm::opaque::lts::Junction
           xcm::opaque::v2::Junction
   = help: consider importing one of these items instead:
           cumulus_primitives_core::Junctions
           xcm::opaque::lts::Junctions
           xcm::opaque::v2::Junctions
   = help: consider importing one of these items instead:
           cumulus_primitives_core::ParentThen
           xcm::opaque::lts::ParentThen
           xcm::opaque::v2::ParentThen

error[E0432]: unresolved imports `xcm_emulator::Here`, `xcm_emulator::Instruction`, `xcm_emulator::Junction`, `xcm_emulator::Junctions`, `xcm_emulator::OriginKind`, `xcm_emulator::ParentThen`, `xcm_emulator::Xcm`
  --> integration-tests/emulated/src/tests/spiritnet/sudo.rs:25:26
   |
25 |     assert_expected_events, Here,
   |                             ^^^^ no `Here` in the root
26 |     Instruction::{BuyExecution, Transact, UnpaidExecution, WithdrawAsset},
   |     ^^^^^^^^^^^ could not find `Instruction` in `xcm_emulator`
27 |     Junction, Junctions, OriginKind, Parachain, ParentThen, RelayChain, TestExt, Weight, Xcm,
   |     ^^^^^^^^  ^^^^^^^^^  ^^^^^^^^^^             ^^^^^^^^^^ no `ParentThen` in the root   ^^^ no `Xcm` in the root
   |     |         |          |
   |     |         |          no `OriginKind` in the root
   |     |         no `Junctions` in the root
   |     no `Junction` in the root
   |
   = help: consider importing one of these items instead:
           cumulus_primitives_core::Here
           pallet_message_queue::mock_helpers::MessageOrigin::Here
           xcm::opaque::lts::Junctions::Here
           xcm::opaque::v2::Junctions::Here
   = help: consider importing one of these items instead:
           cumulus_primitives_core::Junction
           xcm::opaque::lts::Junction
           xcm::opaque::v2::Junction
   = help: consider importing one of these items instead:
           cumulus_primitives_core::Junctions
           xcm::opaque::lts::Junctions
           xcm::opaque::v2::Junctions
   = help: consider importing one of these items instead:
           cumulus_primitives_core::OriginKind
           integration_tests_common::impls::OriginKind
           xcm::opaque::lts::OriginKind
   = help: consider importing one of these items instead:
           cumulus_primitives_core::ParentThen
           xcm::opaque::lts::ParentThen
           xcm::opaque::v2::ParentThen
   = help: consider importing one of these items instead:
           cumulus_primitives_core::OriginKind::Xcm
           cumulus_primitives_core::Xcm
           cumulus_primitives_core::opaque::Xcm
           integration_tests_common::impls::OriginKind::Xcm
           pallet_xcm::Origin::Xcm
           xcm::opaque::lts::OriginKind::Xcm
           xcm::opaque::lts::Xcm
           xcm::opaque::lts::prelude::Xcm
           xcm::opaque::v2::Xcm
           xcm::opaque::v2::prelude::Xcm

error[E0432]: unresolved imports `xcm_emulator::Here`, `xcm_emulator::Junction`, `xcm_emulator::Junctions`, `xcm_emulator::ParentThen`
  --> integration-tests/emulated/src/tests/spiritnet/teleportation.rs:25:20
   |
25 | use xcm_emulator::{Here, Junction, Junctions, ParentThen, TestExt, X1};
   |                    ^^^^  ^^^^^^^^  ^^^^^^^^^  ^^^^^^^^^^ no `ParentThen` in the root
   |                    |     |         |
   |                    |     |         no `Junctions` in the root
   |                    |     no `Junction` in the root
   |                    no `Here` in the root
   |
   = help: consider importing one of these items instead:
           cumulus_primitives_core::Here
           pallet_message_queue::mock_helpers::MessageOrigin::Here
           xcm::opaque::lts::Junctions::Here
           xcm::opaque::v2::Junctions::Here
   = help: consider importing one of these items instead:
           cumulus_primitives_core::Junction
           xcm::opaque::lts::Junction
           xcm::opaque::v2::Junction
   = help: consider importing one of these items instead:
           cumulus_primitives_core::Junctions
           xcm::opaque::lts::Junctions
           xcm::opaque::v2::Junctions
   = help: consider importing one of these items instead:
           cumulus_primitives_core::ParentThen
           xcm::opaque::lts::ParentThen
           xcm::opaque::v2::ParentThen

error[E0432]: unresolved imports `xcm_emulator::Instruction`, `xcm_emulator::Junction`, `xcm_emulator::Junctions`, `xcm_emulator::Outcome`, `xcm_emulator::ParentThen`, `xcm_emulator::Xcm`
  --> integration-tests/emulated/src/tests/spiritnet/unpaid_execution.rs:29:2
   |
29 |     Instruction::{Transact, UnpaidExecution},
   |     ^^^^^^^^^^^ could not find `Instruction` in `xcm_emulator`
30 |     Junction, Junctions, Outcome, Parachain, ParentThen, RelayChain, TestExt, Weight, Xcm,
   |     ^^^^^^^^  ^^^^^^^^^  ^^^^^^^             ^^^^^^^^^^ no `ParentThen` in the root   ^^^ no `Xcm` in the root
   |     |         |          |
   |     |         |          no `Outcome` in the root
   |     |         no `Junctions` in the root
   |     no `Junction` in the root
   |
   = help: consider importing one of these items instead:
           cumulus_primitives_core::Junction
           xcm::opaque::lts::Junction
           xcm::opaque::v2::Junction
   = help: consider importing one of these items instead:
           cumulus_primitives_core::Junctions
           xcm::opaque::lts::Junctions
           xcm::opaque::v2::Junctions
   = help: consider importing one of these items instead:
           cumulus_primitives_core::Outcome
           integration_tests_common::impls::Outcome
           xcm::opaque::lts::Outcome
           xcm::opaque::v2::Outcome
   = help: consider importing one of these items instead:
           cumulus_primitives_core::ParentThen
           xcm::opaque::lts::ParentThen
           xcm::opaque::v2::ParentThen
   = help: consider importing one of these items instead:
           cumulus_primitives_core::OriginKind::Xcm
           cumulus_primitives_core::Xcm
           cumulus_primitives_core::opaque::Xcm
           integration_tests_common::impls::OriginKind::Xcm
           pallet_xcm::Origin::Xcm
           xcm::opaque::lts::OriginKind::Xcm
           xcm::opaque::lts::Xcm
           xcm::opaque::lts::prelude::Xcm
           xcm::opaque::v2::Xcm
           xcm::opaque::v2::prelude::Xcm

error[E0433]: failed to resolve: could not find `OriginKind` in `xcm_emulator`
   --> integration-tests/emulated/src/tests/peregrine/unpaid_execution.rs:119:31
    |
119 |             origin_kind: xcm_emulator::OriginKind::SovereignAccount,
    |                                        ^^^^^^^^^^ could not find `OriginKind` in `xcm_emulator`

error[E0433]: failed to resolve: could not find `OriginKind` in `xcm_emulator`
   --> integration-tests/emulated/src/tests/spiritnet/unpaid_execution.rs:120:31
    |
120 |             origin_kind: xcm_emulator::OriginKind::SovereignAccount,
    |                                        ^^^^^^^^^^ could not find `OriginKind` in `xcm_emulator`

error[E0576]: cannot find associated type `RuntimeCall` in trait `Parachain`
  --> integration-tests/emulated/src/tests/peregrine/did_pallets/association.rs:40:58
   |
40 |     let call: DoubleEncoded<()> = <Peregrine as Parachain>::RuntimeCall::Did(did::Call::dispatch_as {
   |                                                             ^^^^^^^^^^^ not found in `Parachain`

error[E0576]: cannot find associated type `RuntimeCall` in trait `Parachain`
  --> integration-tests/emulated/src/tests/peregrine/did_pallets/association.rs:42:44
   |
42 |         call: Box::new(<Peregrine as Parachain>::RuntimeCall::DidLookup(
   |                                                  ^^^^^^^^^^^ not found in `Parachain`

error[E0576]: cannot find associated type `RuntimeOrigin` in trait `Parachain`
  --> integration-tests/emulated/src/tests/peregrine/did_pallets/association.rs:56:51
   |
56 |     let sudo_origin = <AssetHubRococo as Parachain>::RuntimeOrigin::root();
   |                                                      ^^^^^^^^^^^^^ not found in `Parachain`

error[E0576]: cannot find associated type `RuntimeEvent` in trait `Parachain`
  --> integration-tests/emulated/src/tests/peregrine/did_pallets/association.rs:76:54
   |
76 |         type RuntimeEvent = <AssetHubRococo as Parachain>::RuntimeEvent;
   |                                                            ^^^^^^^^^^^^ not found in `Parachain`

error[E0576]: cannot find associated type `RuntimeEvent` in trait `Parachain`
  --> integration-tests/emulated/src/tests/peregrine/did_pallets/association.rs:87:58
   |
87 |         type PeregrineRuntimeEvent = <Peregrine as Parachain>::RuntimeEvent;
   |                                                                ^^^^^^^^^^^^ not found in `Parachain`

error[E0576]: cannot find associated type `RuntimeOrigin` in trait `Parachain`
   --> integration-tests/emulated/src/tests/peregrine/did_pallets/association.rs:114:51
    |
114 |     let sudo_origin = <AssetHubRococo as Parachain>::RuntimeOrigin::root();
    |                                                      ^^^^^^^^^^^^^ not found in `Parachain`

error[E0576]: cannot find associated type `RuntimeEvent` in trait `Parachain`
   --> integration-tests/emulated/src/tests/peregrine/did_pallets/association.rs:137:55
    |
137 |             type RuntimeEvent = <AssetHubRococo as Parachain>::RuntimeEvent;
    |                                                                ^^^^^^^^^^^^ not found in `Parachain`

error[E0576]: cannot find associated type `RuntimeEvent` in trait `Parachain`
   --> integration-tests/emulated/src/tests/peregrine/did_pallets/association.rs:147:59
    |
147 |             type PeregrineRuntimeEvent = <Peregrine as Parachain>::RuntimeEvent;
    |                                                                    ^^^^^^^^^^^^ not found in `Parachain`

error[E0576]: cannot find associated type `RuntimeCall` in trait `Parachain`
  --> integration-tests/emulated/src/tests/peregrine/did_pallets/attestation.rs:46:39
   |
46 |     let call = <Peregrine as Parachain>::RuntimeCall::Did(did::Call::dispatch_as {
   |                                          ^^^^^^^^^^^ not found in `Parachain`

error[E0576]: cannot find associated type `RuntimeCall` in trait `Parachain`
  --> integration-tests/emulated/src/tests/peregrine/did_pallets/attestation.rs:48:44
   |
48 |         call: Box::new(<Peregrine as Parachain>::RuntimeCall::Attestation(
   |                                                  ^^^^^^^^^^^ not found in `Parachain`

error[E0576]: cannot find associated type `RuntimeOrigin` in trait `Parachain`
  --> integration-tests/emulated/src/tests/peregrine/did_pallets/attestation.rs:66:51
   |
66 |     let sudo_origin = <AssetHubRococo as Parachain>::RuntimeOrigin::root();
   |                                                      ^^^^^^^^^^^^^ not found in `Parachain`

error[E0576]: cannot find associated type `RuntimeEvent` in trait `Parachain`
  --> integration-tests/emulated/src/tests/peregrine/did_pallets/attestation.rs:98:54
   |
98 |         type RuntimeEvent = <AssetHubRococo as Parachain>::RuntimeEvent;
   |                                                            ^^^^^^^^^^^^ not found in `Parachain`

error[E0576]: cannot find associated type `RuntimeEvent` in trait `Parachain`
   --> integration-tests/emulated/src/tests/peregrine/did_pallets/attestation.rs:109:58
    |
109 |         type PeregrineRuntimeEvent = <Peregrine as Parachain>::RuntimeEvent;
    |                                                                ^^^^^^^^^^^^ not found in `Parachain`

error[E0576]: cannot find associated type `RuntimeOrigin` in trait `Parachain`
   --> integration-tests/emulated/src/tests/peregrine/did_pallets/attestation.rs:132:51
    |
132 |     let sudo_origin = <AssetHubRococo as Parachain>::RuntimeOrigin::root();
    |                                                      ^^^^^^^^^^^^^ not found in `Parachain`

error[E0576]: cannot find associated type `RuntimeEvent` in trait `Parachain`
   --> integration-tests/emulated/src/tests/peregrine/did_pallets/attestation.rs:162:55
    |
162 |             type RuntimeEvent = <AssetHubRococo as Parachain>::RuntimeEvent;
    |                                                                ^^^^^^^^^^^^ not found in `Parachain`

error[E0576]: cannot find associated type `RuntimeEvent` in trait `Parachain`
   --> integration-tests/emulated/src/tests/peregrine/did_pallets/attestation.rs:172:59
    |
172 |             type PeregrineRuntimeEvent = <Peregrine as Parachain>::RuntimeEvent;
    |                                                                    ^^^^^^^^^^^^ not found in `Parachain`

error[E0576]: cannot find associated type `RuntimeCall` in trait `Parachain`
  --> integration-tests/emulated/src/tests/peregrine/did_pallets/ctype.rs:40:58
   |
40 |     let call: DoubleEncoded<()> = <Peregrine as Parachain>::RuntimeCall::Did(did::Call::dispatch_as {
   |                                                             ^^^^^^^^^^^ not found in `Parachain`

error[E0576]: cannot find associated type `RuntimeCall` in trait `Parachain`
  --> integration-tests/emulated/src/tests/peregrine/did_pallets/ctype.rs:42:44
   |
42 |         call: Box::new(<Peregrine as Parachain>::RuntimeCall::Ctype(ctype::Call::add {
   |                                                  ^^^^^^^^^^^ not found in `Parachain`

error[E0576]: cannot find associated type `RuntimeOrigin` in trait `Parachain`
  --> integration-tests/emulated/src/tests/peregrine/did_pallets/ctype.rs:56:51
   |
56 |     let sudo_origin = <AssetHubRococo as Parachain>::RuntimeOrigin::root();
   |                                                      ^^^^^^^^^^^^^ not found in `Parachain`

error[E0576]: cannot find associated type `RuntimeEvent` in trait `Parachain`
  --> integration-tests/emulated/src/tests/peregrine/did_pallets/ctype.rs:77:54
   |
77 |         type RuntimeEvent = <AssetHubRococo as Parachain>::RuntimeEvent;
   |                                                            ^^^^^^^^^^^^ not found in `Parachain`

error[E0576]: cannot find associated type `RuntimeEvent` in trait `Parachain`
  --> integration-tests/emulated/src/tests/peregrine/did_pallets/ctype.rs:88:58
   |
88 |         type PeregrineRuntimeEvent = <Peregrine as Parachain>::RuntimeEvent;
   |                                                                ^^^^^^^^^^^^ not found in `Parachain`

error[E0576]: cannot find associated type `RuntimeOrigin` in trait `Parachain`
   --> integration-tests/emulated/src/tests/peregrine/did_pallets/ctype.rs:112:51
    |
112 |     let sudo_origin = <AssetHubRococo as Parachain>::RuntimeOrigin::root();
    |                                                      ^^^^^^^^^^^^^ not found in `Parachain`

error[E0576]: cannot find associated type `RuntimeEvent` in trait `Parachain`
   --> integration-tests/emulated/src/tests/peregrine/did_pallets/ctype.rs:139:55
    |
139 |             type RuntimeEvent = <AssetHubRococo as Parachain>::RuntimeEvent;
    |                                                                ^^^^^^^^^^^^ not found in `Parachain`

error[E0576]: cannot find associated type `RuntimeEvent` in trait `Parachain`
   --> integration-tests/emulated/src/tests/peregrine/did_pallets/ctype.rs:149:59
    |
149 |             type PeregrineRuntimeEvent = <Peregrine as Parachain>::RuntimeEvent;
    |                                                                    ^^^^^^^^^^^^ not found in `Parachain`

error[E0576]: cannot find associated type `RuntimeCall` in trait `Parachain`
  --> integration-tests/emulated/src/tests/peregrine/did_pallets/did.rs:41:58
   |
41 |     let call: DoubleEncoded<()> = <Peregrine as Parachain>::RuntimeCall::Did(did::Call::create_from_account {
   |                                                             ^^^^^^^^^^^ not found in `Parachain`

error[E0576]: cannot find associated type `RuntimeOrigin` in trait `Parachain`
  --> integration-tests/emulated/src/tests/peregrine/did_pallets/did.rs:54:51
   |
54 |     let sudo_origin = <AssetHubRococo as Parachain>::RuntimeOrigin::root();
   |                                                      ^^^^^^^^^^^^^ not found in `Parachain`

error[E0576]: cannot find associated type `RuntimeEvent` in trait `Parachain`
  --> integration-tests/emulated/src/tests/peregrine/did_pallets/did.rs:75:54
   |
75 |         type RuntimeEvent = <AssetHubRococo as Parachain>::RuntimeEvent;
   |                                                            ^^^^^^^^^^^^ not found in `Parachain`

error[E0576]: cannot find associated type `RuntimeEvent` in trait `Parachain`
  --> integration-tests/emulated/src/tests/peregrine/did_pallets/did.rs:85:58
   |
85 |         type PeregrineRuntimeEvent = <Peregrine as Parachain>::RuntimeEvent;
   |                                                                ^^^^^^^^^^^^ not found in `Parachain`

error[E0576]: cannot find associated type `Balances` in trait `Parachain`
  --> integration-tests/emulated/src/tests/peregrine/did_pallets/did.rs:97:52
   |
97 |         let balance_on_hold = <<Peregrine as Parachain>::Balances as Inspect<AccountId>>::balance_on_hold(
   |                                                          ^^^^^^^^ not found in `Parachain`

error[E0576]: cannot find associated type `RuntimeOrigin` in trait `Parachain`
   --> integration-tests/emulated/src/tests/peregrine/did_pallets/did.rs:115:51
    |
115 |     let sudo_origin = <AssetHubRococo as Parachain>::RuntimeOrigin::root();
    |                                                      ^^^^^^^^^^^^^ not found in `Parachain`

error[E0576]: cannot find associated type `RuntimeEvent` in trait `Parachain`
   --> integration-tests/emulated/src/tests/peregrine/did_pallets/did.rs:141:55
    |
141 |             type RuntimeEvent = <AssetHubRococo as Parachain>::RuntimeEvent;
    |                                                                ^^^^^^^^^^^^ not found in `Parachain`

error[E0576]: cannot find associated type `RuntimeEvent` in trait `Parachain`
   --> integration-tests/emulated/src/tests/peregrine/did_pallets/did.rs:151:59
    |
151 |             type PeregrineRuntimeEvent = <Peregrine as Parachain>::RuntimeEvent;
    |                                                                    ^^^^^^^^^^^^ not found in `Parachain`

error[E0576]: cannot find associated type `RuntimeCall` in trait `Parachain`
  --> integration-tests/emulated/src/tests/peregrine/did_pallets/public_credentials.rs:53:58
   |
53 |     let call: DoubleEncoded<()> = <Peregrine as Parachain>::RuntimeCall::Did(did::Call::dispatch_as {
   |                                                             ^^^^^^^^^^^ not found in `Parachain`

error[E0576]: cannot find associated type `RuntimeCall` in trait `Parachain`
  --> integration-tests/emulated/src/tests/peregrine/did_pallets/public_credentials.rs:55:44
   |
55 |         call: Box::new(<Peregrine as Parachain>::RuntimeCall::PublicCredentials(
   |                                                  ^^^^^^^^^^^ not found in `Parachain`

error[E0576]: cannot find associated type `RuntimeOrigin` in trait `Parachain`
  --> integration-tests/emulated/src/tests/peregrine/did_pallets/public_credentials.rs:71:51
   |
71 |     let sudo_origin = <AssetHubRococo as Parachain>::RuntimeOrigin::root();
   |                                                      ^^^^^^^^^^^^^ not found in `Parachain`

error[E0576]: cannot find associated type `RuntimeEvent` in trait `Parachain`
  --> integration-tests/emulated/src/tests/peregrine/did_pallets/public_credentials.rs:95:54
   |
95 |         type RuntimeEvent = <AssetHubRococo as Parachain>::RuntimeEvent;
   |                                                            ^^^^^^^^^^^^ not found in `Parachain`

error[E0576]: cannot find associated type `RuntimeEvent` in trait `Parachain`
   --> integration-tests/emulated/src/tests/peregrine/did_pallets/public_credentials.rs:106:58
    |
106 |         type PeregrineRuntimeEvent = <Peregrine as Parachain>::RuntimeEvent;
    |                                                                ^^^^^^^^^^^^ not found in `Parachain`

error[E0576]: cannot find associated type `RuntimeOrigin` in trait `Parachain`
   --> integration-tests/emulated/src/tests/peregrine/did_pallets/public_credentials.rs:132:51
    |
132 |     let sudo_origin = <AssetHubRococo as Parachain>::RuntimeOrigin::root();
    |                                                      ^^^^^^^^^^^^^ not found in `Parachain`

error[E0576]: cannot find associated type `RuntimeEvent` in trait `Parachain`
   --> integration-tests/emulated/src/tests/peregrine/did_pallets/public_credentials.rs:158:55
    |
158 |             type RuntimeEvent = <AssetHubRococo as Parachain>::RuntimeEvent;
    |                                                                ^^^^^^^^^^^^ not found in `Parachain`

error[E0576]: cannot find associated type `RuntimeEvent` in trait `Parachain`
   --> integration-tests/emulated/src/tests/peregrine/did_pallets/public_credentials.rs:168:59
    |
168 |             type PeregrineRuntimeEvent = <Peregrine as Parachain>::RuntimeEvent;
    |                                                                    ^^^^^^^^^^^^ not found in `Parachain`

error[E0576]: cannot find associated type `RuntimeCall` in trait `Parachain`
  --> integration-tests/emulated/src/tests/peregrine/did_pallets/unallowed_did_call.rs:40:58
   |
40 |     let call: DoubleEncoded<()> = <Peregrine as Parachain>::RuntimeCall::Did(did::Call::dispatch_as {
   |                                                             ^^^^^^^^^^^ not found in `Parachain`

error[E0576]: cannot find associated type `RuntimeCall` in trait `Parachain`
  --> integration-tests/emulated/src/tests/peregrine/did_pallets/unallowed_did_call.rs:42:44
   |
42 |         call: Box::new(<Peregrine as Parachain>::RuntimeCall::System(
   |                                                  ^^^^^^^^^^^ not found in `Parachain`

error[E0576]: cannot find associated type `RuntimeCall` in trait `Parachain`
  --> integration-tests/emulated/src/tests/peregrine/did_pallets/unallowed_did_call.rs:55:58
   |
55 |     let call: DoubleEncoded<()> = <Peregrine as Parachain>::RuntimeCall::Did(did::Call::dispatch_as {
   |                                                             ^^^^^^^^^^^ not found in `Parachain`

error[E0576]: cannot find associated type `RuntimeCall` in trait `Parachain`
  --> integration-tests/emulated/src/tests/peregrine/did_pallets/unallowed_did_call.rs:57:44
   |
57 |         call: Box::new(<Peregrine as Parachain>::RuntimeCall::Did(did::Call::dispatch_as {
   |                                                  ^^^^^^^^^^^ not found in `Parachain`

error[E0576]: cannot find associated type `RuntimeCall` in trait `Parachain`
  --> integration-tests/emulated/src/tests/peregrine/did_pallets/unallowed_did_call.rs:59:45
   |
59 |             call: Box::new(<Peregrine as Parachain>::RuntimeCall::System(
   |                                                      ^^^^^^^^^^^ not found in `Parachain`

error[E0576]: cannot find associated type `RuntimeOrigin` in trait `Parachain`
  --> integration-tests/emulated/src/tests/peregrine/did_pallets/unallowed_did_call.rs:79:51
   |
79 |     let sudo_origin = <AssetHubRococo as Parachain>::RuntimeOrigin::root();
   |                                                      ^^^^^^^^^^^^^ not found in `Parachain`

error[E0576]: cannot find associated type `RuntimeEvent` in trait `Parachain`
   --> integration-tests/emulated/src/tests/peregrine/did_pallets/unallowed_did_call.rs:102:55
    |
102 |             type RuntimeEvent = <AssetHubRococo as Parachain>::RuntimeEvent;
    |                                                                ^^^^^^^^^^^^ not found in `Parachain`

error[E0576]: cannot find associated type `RuntimeEvent` in trait `Parachain`
   --> integration-tests/emulated/src/tests/peregrine/did_pallets/unallowed_did_call.rs:112:59
    |
112 |             type PeregrineRuntimeEvent = <Peregrine as Parachain>::RuntimeEvent;
    |                                                                    ^^^^^^^^^^^^ not found in `Parachain`

error[E0576]: cannot find associated type `RuntimeOrigin` in trait `Parachain`
   --> integration-tests/emulated/src/tests/peregrine/did_pallets/unallowed_did_call.rs:141:51
    |
141 |     let sudo_origin = <AssetHubRococo as Parachain>::RuntimeOrigin::root();
    |                                                      ^^^^^^^^^^^^^ not found in `Parachain`

error[E0576]: cannot find associated type `RuntimeEvent` in trait `Parachain`
   --> integration-tests/emulated/src/tests/peregrine/did_pallets/unallowed_did_call.rs:164:55
    |
164 |             type RuntimeEvent = <AssetHubRococo as Parachain>::RuntimeEvent;
    |                                                                ^^^^^^^^^^^^ not found in `Parachain`

error[E0576]: cannot find associated type `RuntimeEvent` in trait `Parachain`
   --> integration-tests/emulated/src/tests/peregrine/did_pallets/unallowed_did_call.rs:174:59
    |
174 |             type PeregrineRuntimeEvent = <Peregrine as Parachain>::RuntimeEvent;
    |                                                                    ^^^^^^^^^^^^ not found in `Parachain`

error[E0576]: cannot find associated type `RuntimeCall` in trait `Parachain`
  --> integration-tests/emulated/src/tests/peregrine/did_pallets/w3n.rs:41:58
   |
41 |     let call: DoubleEncoded<()> = <Peregrine as Parachain>::RuntimeCall::Did(did::Call::dispatch_as {
   |                                                             ^^^^^^^^^^^ not found in `Parachain`

error[E0576]: cannot find associated type `RuntimeCall` in trait `Parachain`
  --> integration-tests/emulated/src/tests/peregrine/did_pallets/w3n.rs:43:44
   |
43 |         call: Box::new(<Peregrine as Parachain>::RuntimeCall::Web3Names(
   |                                                  ^^^^^^^^^^^ not found in `Parachain`

error[E0576]: cannot find associated type `RuntimeOrigin` in trait `Parachain`
  --> integration-tests/emulated/src/tests/peregrine/did_pallets/w3n.rs:59:51
   |
59 |     let sudo_origin = <AssetHubRococo as Parachain>::RuntimeOrigin::root();
   |                                                      ^^^^^^^^^^^^^ not found in `Parachain`

error[E0576]: cannot find associated type `RuntimeEvent` in trait `Parachain`
  --> integration-tests/emulated/src/tests/peregrine/did_pallets/w3n.rs:79:54
   |
79 |         type RuntimeEvent = <AssetHubRococo as Parachain>::RuntimeEvent;
   |                                                            ^^^^^^^^^^^^ not found in `Parachain`

error[E0576]: cannot find associated type `RuntimeEvent` in trait `Parachain`
  --> integration-tests/emulated/src/tests/peregrine/did_pallets/w3n.rs:90:58
   |
90 |         type PeregrineRuntimeEvent = <Peregrine as Parachain>::RuntimeEvent;
   |                                                                ^^^^^^^^^^^^ not found in `Parachain`

error[E0576]: cannot find associated type `RuntimeOrigin` in trait `Parachain`
   --> integration-tests/emulated/src/tests/peregrine/did_pallets/w3n.rs:116:51
    |
116 |     let sudo_origin = <AssetHubRococo as Parachain>::RuntimeOrigin::root();
    |                                                      ^^^^^^^^^^^^^ not found in `Parachain`

error[E0576]: cannot find associated type `RuntimeEvent` in trait `Parachain`
   --> integration-tests/emulated/src/tests/peregrine/did_pallets/w3n.rs:139:55
    |
139 |             type RuntimeEvent = <AssetHubRococo as Parachain>::RuntimeEvent;
    |                                                                ^^^^^^^^^^^^ not found in `Parachain`

error[E0576]: cannot find associated type `RuntimeEvent` in trait `Parachain`
   --> integration-tests/emulated/src/tests/peregrine/did_pallets/w3n.rs:149:59
    |
149 |             type PeregrineRuntimeEvent = <Peregrine as Parachain>::RuntimeEvent;
    |                                                                    ^^^^^^^^^^^^ not found in `Parachain`

error[E0576]: cannot find associated type `RuntimeEvent` in trait `Parachain`
  --> integration-tests/emulated/src/tests/peregrine/reserve_transfers.rs:64:49
   |
64 |         type RuntimeEvent = <Peregrine as Parachain>::RuntimeEvent;
   |                                                       ^^^^^^^^^^^^ not found in `Parachain`

error[E0576]: cannot find associated type `Balances` in trait `Parachain`
  --> integration-tests/emulated/src/tests/peregrine/reserve_transfers.rs:92:31
   |
92 |             <<Peregrine as Parachain>::Balances as Inspect<AccountId>>::balance(&asset_hub_sovereign_account);
   |                                        ^^^^^^^^ not found in `Parachain`

error[E0576]: cannot find associated type `RuntimeEvent` in trait `Parachain`
   --> integration-tests/emulated/src/tests/peregrine/reserve_transfers.rs:112:49
    |
112 |         type RuntimeEvent = <Peregrine as Parachain>::RuntimeEvent;
    |                                                       ^^^^^^^^^^^^ not found in `Parachain`

error[E0576]: cannot find associated type `Balances` in trait `Parachain`
   --> integration-tests/emulated/src/tests/peregrine/reserve_transfers.rs:125:31
    |
125 |             <<Peregrine as Parachain>::Balances as Inspect<AccountId>>::balance(&asset_hub_sovereign_account);
    |                                        ^^^^^^^^ not found in `Parachain`

error[E0576]: cannot find associated type `RuntimeEvent` in trait `Parachain`
   --> integration-tests/emulated/src/tests/peregrine/reserve_transfers.rs:135:54
    |
135 |         type RuntimeEvent = <AssetHubRococo as Parachain>::RuntimeEvent;
    |                                                            ^^^^^^^^^^^^ not found in `Parachain`

error[E0576]: cannot find associated type `RuntimeCall` in trait `Parachain`
  --> integration-tests/emulated/src/tests/peregrine/sudo.rs:49:58
   |
49 |     let call: DoubleEncoded<()> = <Peregrine as Parachain>::RuntimeCall::System(frame_system::Call::set_code { code })
   |                                                             ^^^^^^^^^^^ not found in `Parachain`

error[E0576]: cannot find associated type `RuntimeCall` in trait `Parachain`
  --> integration-tests/emulated/src/tests/peregrine/sudo.rs:71:58
   |
71 |     let call: DoubleEncoded<()> = <Peregrine as Parachain>::RuntimeCall::System(frame_system::Call::set_code { code })
   |                                                             ^^^^^^^^^^^ not found in `Parachain`

error[E0576]: cannot find associated type `RuntimeOrigin` in trait `RelayChain`
  --> integration-tests/emulated/src/tests/peregrine/sudo.rs:94:44
   |
94 |     let sudo_origin = <Rococo as RelayChain>::RuntimeOrigin::root();
   |                                               ^^^^^^^^^^^^^ not found in `RelayChain`

error[E0576]: cannot find associated type `RuntimeEvent` in trait `RelayChain`
   --> integration-tests/emulated/src/tests/peregrine/sudo.rs:117:48
    |
117 |             type RuntimeEvent = <Rococo as RelayChain>::RuntimeEvent;
    |                                                         ^^^^^^^^^^^^ not found in `RelayChain`

error[E0576]: cannot find associated type `RuntimeEvent` in trait `Parachain`
   --> integration-tests/emulated/src/tests/peregrine/sudo.rs:128:59
    |
128 |             type PeregrineRuntimeEvent = <Peregrine as Parachain>::RuntimeEvent;
    |                                                                    ^^^^^^^^^^^^ not found in `Parachain`

error[E0576]: cannot find associated type `RuntimeOrigin` in trait `Parachain`
   --> integration-tests/emulated/src/tests/peregrine/sudo.rs:152:51
    |
152 |     let sudo_origin = <AssetHubRococo as Parachain>::RuntimeOrigin::root();
    |                                                      ^^^^^^^^^^^^^ not found in `Parachain`

error[E0576]: cannot find associated type `RuntimeEvent` in trait `Parachain`
   --> integration-tests/emulated/src/tests/peregrine/sudo.rs:182:55
    |
182 |             type RuntimeEvent = <AssetHubRococo as Parachain>::RuntimeEvent;
    |                                                                ^^^^^^^^^^^^ not found in `Parachain`

error[E0576]: cannot find associated type `RuntimeEvent` in trait `Parachain`
   --> integration-tests/emulated/src/tests/peregrine/sudo.rs:194:59
    |
194 |             type PeregrineRuntimeEvent = <Peregrine as Parachain>::RuntimeEvent;
    |                                                                    ^^^^^^^^^^^^ not found in `Parachain`

error[E0576]: cannot find associated type `RuntimeOrigin` in trait `Parachain`
  --> integration-tests/emulated/src/tests/peregrine/unpaid_execution.rs:43:51
   |
43 |     let sudo_origin = <AssetHubRococo as Parachain>::RuntimeOrigin::root();
   |                                                      ^^^^^^^^^^^^^ not found in `Parachain`

error[E0576]: cannot find associated type `RuntimeEvent` in trait `Parachain`
  --> integration-tests/emulated/src/tests/peregrine/unpaid_execution.rs:63:54
   |
63 |         type RuntimeEvent = <AssetHubRococo as Parachain>::RuntimeEvent;
   |                                                            ^^^^^^^^^^^^ not found in `Parachain`

error[E0576]: cannot find associated type `RuntimeEvent` in trait `Parachain`
  --> integration-tests/emulated/src/tests/peregrine/unpaid_execution.rs:74:58
   |
74 |         type PeregrineRuntimeEvent = <Peregrine as Parachain>::RuntimeEvent;
   |                                                                ^^^^^^^^^^^^ not found in `Parachain`

error[E0576]: cannot find associated type `RuntimeOrigin` in trait `RelayChain`
  --> integration-tests/emulated/src/tests/peregrine/unpaid_execution.rs:96:44
   |
96 |     let sudo_origin = <Rococo as RelayChain>::RuntimeOrigin::root();
   |                                               ^^^^^^^^^^^^^ not found in `RelayChain`

error[E0576]: cannot find associated type `RuntimeCall` in trait `Parachain`
   --> integration-tests/emulated/src/tests/peregrine/unpaid_execution.rs:107:58
    |
107 |     let call: DoubleEncoded<()> = <Peregrine as Parachain>::RuntimeCall::Did(did::Call::create_from_account {
    |                                                             ^^^^^^^^^^^ not found in `Parachain`

error[E0576]: cannot find associated type `RuntimeEvent` in trait `RelayChain`
   --> integration-tests/emulated/src/tests/peregrine/unpaid_execution.rs:138:47
    |
138 |         type RuntimeEvent = <Rococo as RelayChain>::RuntimeEvent;
    |                                                     ^^^^^^^^^^^^ not found in `RelayChain`

error[E0576]: cannot find associated type `RuntimeEvent` in trait `Parachain`
   --> integration-tests/emulated/src/tests/peregrine/unpaid_execution.rs:149:58
    |
149 |         type PeregrineRuntimeEvent = <Peregrine as Parachain>::RuntimeEvent;
    |                                                                ^^^^^^^^^^^^ not found in `Parachain`

error[E0576]: cannot find associated type `Balances` in trait `Parachain`
   --> integration-tests/emulated/src/tests/peregrine/unpaid_execution.rs:166:31
    |
166 |             <<Peregrine as Parachain>::Balances as Inspect<AccountId>>::balance(&polkadot_sovereign_account);
    |                                        ^^^^^^^^ not found in `Parachain`

error[E0576]: cannot find associated type `RuntimeCall` in trait `Parachain`
  --> integration-tests/emulated/src/tests/spiritnet/did_pallets/association.rs:40:58
   |
40 |     let call: DoubleEncoded<()> = <Spiritnet as Parachain>::RuntimeCall::Did(did::Call::dispatch_as {
   |                                                             ^^^^^^^^^^^ not found in `Parachain`

error[E0576]: cannot find associated type `RuntimeCall` in trait `Parachain`
  --> integration-tests/emulated/src/tests/spiritnet/did_pallets/association.rs:42:44
   |
42 |         call: Box::new(<Spiritnet as Parachain>::RuntimeCall::DidLookup(
   |                                                  ^^^^^^^^^^^ not found in `Parachain`

error[E0576]: cannot find associated type `RuntimeOrigin` in trait `Parachain`
  --> integration-tests/emulated/src/tests/spiritnet/did_pallets/association.rs:56:53
   |
56 |     let sudo_origin = <AssetHubPolkadot as Parachain>::RuntimeOrigin::root();
   |                                                        ^^^^^^^^^^^^^ not found in `Parachain`

error[E0576]: cannot find associated type `RuntimeEvent` in trait `Parachain`
  --> integration-tests/emulated/src/tests/spiritnet/did_pallets/association.rs:76:56
   |
76 |         type RuntimeEvent = <AssetHubPolkadot as Parachain>::RuntimeEvent;
   |                                                              ^^^^^^^^^^^^ not found in `Parachain`

error[E0576]: cannot find associated type `RuntimeEvent` in trait `Parachain`
  --> integration-tests/emulated/src/tests/spiritnet/did_pallets/association.rs:87:58
   |
87 |         type SpiritnetRuntimeEvent = <Spiritnet as Parachain>::RuntimeEvent;
   |                                                                ^^^^^^^^^^^^ not found in `Parachain`

error[E0576]: cannot find associated type `RuntimeOrigin` in trait `Parachain`
   --> integration-tests/emulated/src/tests/spiritnet/did_pallets/association.rs:114:53
    |
114 |     let sudo_origin = <AssetHubPolkadot as Parachain>::RuntimeOrigin::root();
    |                                                        ^^^^^^^^^^^^^ not found in `Parachain`

error[E0576]: cannot find associated type `RuntimeEvent` in trait `Parachain`
   --> integration-tests/emulated/src/tests/spiritnet/did_pallets/association.rs:137:57
    |
137 |             type RuntimeEvent = <AssetHubPolkadot as Parachain>::RuntimeEvent;
    |                                                                  ^^^^^^^^^^^^ not found in `Parachain`

error[E0576]: cannot find associated type `RuntimeEvent` in trait `Parachain`
   --> integration-tests/emulated/src/tests/spiritnet/did_pallets/association.rs:147:59
    |
147 |             type SpiritnetRuntimeEvent = <Spiritnet as Parachain>::RuntimeEvent;
    |                                                                    ^^^^^^^^^^^^ not found in `Parachain`

error[E0576]: cannot find associated type `RuntimeCall` in trait `Parachain`
  --> integration-tests/emulated/src/tests/spiritnet/did_pallets/attestation.rs:46:39
   |
46 |     let call = <Spiritnet as Parachain>::RuntimeCall::Did(did::Call::dispatch_as {
   |                                          ^^^^^^^^^^^ not found in `Parachain`

error[E0576]: cannot find associated type `RuntimeCall` in trait `Parachain`
  --> integration-tests/emulated/src/tests/spiritnet/did_pallets/attestation.rs:48:44
   |
48 |         call: Box::new(<Spiritnet as Parachain>::RuntimeCall::Attestation(
   |                                                  ^^^^^^^^^^^ not found in `Parachain`

error[E0576]: cannot find associated type `RuntimeOrigin` in trait `Parachain`
  --> integration-tests/emulated/src/tests/spiritnet/did_pallets/attestation.rs:66:53
   |
66 |     let sudo_origin = <AssetHubPolkadot as Parachain>::RuntimeOrigin::root();
   |                                                        ^^^^^^^^^^^^^ not found in `Parachain`

error[E0576]: cannot find associated type `RuntimeEvent` in trait `Parachain`
  --> integration-tests/emulated/src/tests/spiritnet/did_pallets/attestation.rs:98:56
   |
98 |         type RuntimeEvent = <AssetHubPolkadot as Parachain>::RuntimeEvent;
   |                                                              ^^^^^^^^^^^^ not found in `Parachain`

error[E0576]: cannot find associated type `RuntimeEvent` in trait `Parachain`
   --> integration-tests/emulated/src/tests/spiritnet/did_pallets/attestation.rs:109:58
    |
109 |         type SpiritnetRuntimeEvent = <Spiritnet as Parachain>::RuntimeEvent;
    |                                                                ^^^^^^^^^^^^ not found in `Parachain`

error[E0576]: cannot find associated type `RuntimeOrigin` in trait `Parachain`
   --> integration-tests/emulated/src/tests/spiritnet/did_pallets/attestation.rs:132:53
    |
132 |     let sudo_origin = <AssetHubPolkadot as Parachain>::RuntimeOrigin::root();
    |                                                        ^^^^^^^^^^^^^ not found in `Parachain`

error[E0576]: cannot find associated type `RuntimeEvent` in trait `Parachain`
   --> integration-tests/emulated/src/tests/spiritnet/did_pallets/attestation.rs:162:57
    |
162 |             type RuntimeEvent = <AssetHubPolkadot as Parachain>::RuntimeEvent;
    |                                                                  ^^^^^^^^^^^^ not found in `Parachain`

error[E0576]: cannot find associated type `RuntimeEvent` in trait `Parachain`
   --> integration-tests/emulated/src/tests/spiritnet/did_pallets/attestation.rs:172:59
    |
172 |             type SpiritnetRuntimeEvent = <Spiritnet as Parachain>::RuntimeEvent;
    |                                                                    ^^^^^^^^^^^^ not found in `Parachain`

error[E0576]: cannot find associated type `RuntimeCall` in trait `Parachain`
  --> integration-tests/emulated/src/tests/spiritnet/did_pallets/ctype.rs:40:58
   |
40 |     let call: DoubleEncoded<()> = <Spiritnet as Parachain>::RuntimeCall::Did(did::Call::dispatch_as {
   |                                                             ^^^^^^^^^^^ not found in `Parachain`

error[E0576]: cannot find associated type `RuntimeCall` in trait `Parachain`
  --> integration-tests/emulated/src/tests/spiritnet/did_pallets/ctype.rs:42:44
   |
42 |         call: Box::new(<Spiritnet as Parachain>::RuntimeCall::Ctype(ctype::Call::add {
   |                                                  ^^^^^^^^^^^ not found in `Parachain`

error[E0576]: cannot find associated type `RuntimeOrigin` in trait `Parachain`
  --> integration-tests/emulated/src/tests/spiritnet/did_pallets/ctype.rs:56:53
   |
56 |     let sudo_origin = <AssetHubPolkadot as Parachain>::RuntimeOrigin::root();
   |                                                        ^^^^^^^^^^^^^ not found in `Parachain`

error[E0576]: cannot find associated type `RuntimeEvent` in trait `Parachain`
  --> integration-tests/emulated/src/tests/spiritnet/did_pallets/ctype.rs:77:56
   |
77 |         type RuntimeEvent = <AssetHubPolkadot as Parachain>::RuntimeEvent;
   |                                                              ^^^^^^^^^^^^ not found in `Parachain`

error[E0576]: cannot find associated type `RuntimeEvent` in trait `Parachain`
  --> integration-tests/emulated/src/tests/spiritnet/did_pallets/ctype.rs:88:58
   |
88 |         type SpiritnetRuntimeEvent = <Spiritnet as Parachain>::RuntimeEvent;
   |                                                                ^^^^^^^^^^^^ not found in `Parachain`

error[E0576]: cannot find associated type `RuntimeOrigin` in trait `Parachain`
   --> integration-tests/emulated/src/tests/spiritnet/did_pallets/ctype.rs:112:53
    |
112 |     let sudo_origin = <AssetHubPolkadot as Parachain>::RuntimeOrigin::root();
    |                                                        ^^^^^^^^^^^^^ not found in `Parachain`

error[E0576]: cannot find associated type `RuntimeEvent` in trait `Parachain`
   --> integration-tests/emulated/src/tests/spiritnet/did_pallets/ctype.rs:139:57
    |
139 |             type RuntimeEvent = <AssetHubPolkadot as Parachain>::RuntimeEvent;
    |                                                                  ^^^^^^^^^^^^ not found in `Parachain`

error[E0576]: cannot find associated type `RuntimeEvent` in trait `Parachain`
   --> integration-tests/emulated/src/tests/spiritnet/did_pallets/ctype.rs:149:59
    |
149 |             type SpiritnetRuntimeEvent = <Spiritnet as Parachain>::RuntimeEvent;
    |                                                                    ^^^^^^^^^^^^ not found in `Parachain`

error[E0576]: cannot find associated type `RuntimeCall` in trait `Parachain`
  --> integration-tests/emulated/src/tests/spiritnet/did_pallets/did.rs:41:58
   |
41 |     let call: DoubleEncoded<()> = <Spiritnet as Parachain>::RuntimeCall::Did(did::Call::create_from_account {
   |                                                             ^^^^^^^^^^^ not found in `Parachain`

error[E0576]: cannot find associated type `RuntimeOrigin` in trait `Parachain`
  --> integration-tests/emulated/src/tests/spiritnet/did_pallets/did.rs:54:53
   |
54 |     let sudo_origin = <AssetHubPolkadot as Parachain>::RuntimeOrigin::root();
   |                                                        ^^^^^^^^^^^^^ not found in `Parachain`

error[E0576]: cannot find associated type `RuntimeEvent` in trait `Parachain`
  --> integration-tests/emulated/src/tests/spiritnet/did_pallets/did.rs:75:56
   |
75 |         type RuntimeEvent = <AssetHubPolkadot as Parachain>::RuntimeEvent;
   |                                                              ^^^^^^^^^^^^ not found in `Parachain`

error[E0576]: cannot find associated type `RuntimeEvent` in trait `Parachain`
  --> integration-tests/emulated/src/tests/spiritnet/did_pallets/did.rs:85:58
   |
85 |         type SpiritnetRuntimeEvent = <Spiritnet as Parachain>::RuntimeEvent;
   |                                                                ^^^^^^^^^^^^ not found in `Parachain`

error[E0576]: cannot find associated type `Balances` in trait `Parachain`
  --> integration-tests/emulated/src/tests/spiritnet/did_pallets/did.rs:97:52
   |
97 |         let balance_on_hold = <<Spiritnet as Parachain>::Balances as Inspect<AccountId>>::balance_on_hold(
   |                                                          ^^^^^^^^ not found in `Parachain`

error[E0576]: cannot find associated type `RuntimeOrigin` in trait `Parachain`
   --> integration-tests/emulated/src/tests/spiritnet/did_pallets/did.rs:115:53
    |
115 |     let sudo_origin = <AssetHubPolkadot as Parachain>::RuntimeOrigin::root();
    |                                                        ^^^^^^^^^^^^^ not found in `Parachain`

error[E0576]: cannot find associated type `RuntimeEvent` in trait `Parachain`
   --> integration-tests/emulated/src/tests/spiritnet/did_pallets/did.rs:141:57
    |
141 |             type RuntimeEvent = <AssetHubPolkadot as Parachain>::RuntimeEvent;
    |                                                                  ^^^^^^^^^^^^ not found in `Parachain`

error[E0576]: cannot find associated type `RuntimeEvent` in trait `Parachain`
   --> integration-tests/emulated/src/tests/spiritnet/did_pallets/did.rs:151:59
    |
151 |             type SpiritnetRuntimeEvent = <Spiritnet as Parachain>::RuntimeEvent;
    |                                                                    ^^^^^^^^^^^^ not found in `Parachain`

error[E0576]: cannot find associated type `RuntimeCall` in trait `Parachain`
  --> integration-tests/emulated/src/tests/spiritnet/did_pallets/public_credentials.rs:53:58
   |
53 |     let call: DoubleEncoded<()> = <Spiritnet as Parachain>::RuntimeCall::Did(did::Call::dispatch_as {
   |                                                             ^^^^^^^^^^^ not found in `Parachain`

error[E0576]: cannot find associated type `RuntimeCall` in trait `Parachain`
  --> integration-tests/emulated/src/tests/spiritnet/did_pallets/public_credentials.rs:55:44
   |
55 |         call: Box::new(<Spiritnet as Parachain>::RuntimeCall::PublicCredentials(
   |                                                  ^^^^^^^^^^^ not found in `Parachain`

error[E0576]: cannot find associated type `RuntimeOrigin` in trait `Parachain`
  --> integration-tests/emulated/src/tests/spiritnet/did_pallets/public_credentials.rs:71:53
   |
71 |     let sudo_origin = <AssetHubPolkadot as Parachain>::RuntimeOrigin::root();
   |                                                        ^^^^^^^^^^^^^ not found in `Parachain`

error[E0576]: cannot find associated type `RuntimeEvent` in trait `Parachain`
  --> integration-tests/emulated/src/tests/spiritnet/did_pallets/public_credentials.rs:95:56
   |
95 |         type RuntimeEvent = <AssetHubPolkadot as Parachain>::RuntimeEvent;
   |                                                              ^^^^^^^^^^^^ not found in `Parachain`

error[E0576]: cannot find associated type `RuntimeEvent` in trait `Parachain`
   --> integration-tests/emulated/src/tests/spiritnet/did_pallets/public_credentials.rs:106:58
    |
106 |         type SpiritnetRuntimeEvent = <Spiritnet as Parachain>::RuntimeEvent;
    |                                                                ^^^^^^^^^^^^ not found in `Parachain`

error[E0576]: cannot find associated type `RuntimeOrigin` in trait `Parachain`
   --> integration-tests/emulated/src/tests/spiritnet/did_pallets/public_credentials.rs:132:53
    |
132 |     let sudo_origin = <AssetHubPolkadot as Parachain>::RuntimeOrigin::root();
    |                                                        ^^^^^^^^^^^^^ not found in `Parachain`

error[E0576]: cannot find associated type `RuntimeEvent` in trait `Parachain`
   --> integration-tests/emulated/src/tests/spiritnet/did_pallets/public_credentials.rs:158:57
    |
158 |             type RuntimeEvent = <AssetHubPolkadot as Parachain>::RuntimeEvent;
    |                                                                  ^^^^^^^^^^^^ not found in `Parachain`

error[E0576]: cannot find associated type `RuntimeEvent` in trait `Parachain`
   --> integration-tests/emulated/src/tests/spiritnet/did_pallets/public_credentials.rs:168:59
    |
168 |             type SpiritnetRuntimeEvent = <Spiritnet as Parachain>::RuntimeEvent;
    |                                                                    ^^^^^^^^^^^^ not found in `Parachain`

error[E0576]: cannot find associated type `RuntimeCall` in trait `Parachain`
  --> integration-tests/emulated/src/tests/spiritnet/did_pallets/unallowed_did_call.rs:40:58
   |
40 |     let call: DoubleEncoded<()> = <Spiritnet as Parachain>::RuntimeCall::Did(did::Call::dispatch_as {
   |                                                             ^^^^^^^^^^^ not found in `Parachain`

error[E0576]: cannot find associated type `RuntimeCall` in trait `Parachain`
  --> integration-tests/emulated/src/tests/spiritnet/did_pallets/unallowed_did_call.rs:42:44
   |
42 |         call: Box::new(<Spiritnet as Parachain>::RuntimeCall::System(
   |                                                  ^^^^^^^^^^^ not found in `Parachain`

error[E0576]: cannot find associated type `RuntimeCall` in trait `Parachain`
  --> integration-tests/emulated/src/tests/spiritnet/did_pallets/unallowed_did_call.rs:55:58
   |
55 |     let call: DoubleEncoded<()> = <Spiritnet as Parachain>::RuntimeCall::Did(did::Call::dispatch_as {
   |                                                             ^^^^^^^^^^^ not found in `Parachain`

error[E0576]: cannot find associated type `RuntimeCall` in trait `Parachain`
  --> integration-tests/emulated/src/tests/spiritnet/did_pallets/unallowed_did_call.rs:57:44
   |
57 |         call: Box::new(<Spiritnet as Parachain>::RuntimeCall::Did(did::Call::dispatch_as {
   |                                                  ^^^^^^^^^^^ not found in `Parachain`

error[E0576]: cannot find associated type `RuntimeCall` in trait `Parachain`
  --> integration-tests/emulated/src/tests/spiritnet/did_pallets/unallowed_did_call.rs:59:45
   |
59 |             call: Box::new(<Spiritnet as Parachain>::RuntimeCall::System(
   |                                                      ^^^^^^^^^^^ not found in `Parachain`

error[E0576]: cannot find associated type `RuntimeOrigin` in trait `Parachain`
  --> integration-tests/emulated/src/tests/spiritnet/did_pallets/unallowed_did_call.rs:79:53
   |
79 |     let sudo_origin = <AssetHubPolkadot as Parachain>::RuntimeOrigin::root();
   |                                                        ^^^^^^^^^^^^^ not found in `Parachain`

error[E0576]: cannot find associated type `RuntimeEvent` in trait `Parachain`
   --> integration-tests/emulated/src/tests/spiritnet/did_pallets/unallowed_did_call.rs:102:57
    |
102 |             type RuntimeEvent = <AssetHubPolkadot as Parachain>::RuntimeEvent;
    |                                                                  ^^^^^^^^^^^^ not found in `Parachain`

error[E0576]: cannot find associated type `RuntimeEvent` in trait `Parachain`
   --> integration-tests/emulated/src/tests/spiritnet/did_pallets/unallowed_did_call.rs:112:59
    |
112 |             type SpiritnetRuntimeEvent = <Spiritnet as Parachain>::RuntimeEvent;
    |                                                                    ^^^^^^^^^^^^ not found in `Parachain`

error[E0576]: cannot find associated type `RuntimeOrigin` in trait `Parachain`
   --> integration-tests/emulated/src/tests/spiritnet/did_pallets/unallowed_did_call.rs:141:53
    |
141 |     let sudo_origin = <AssetHubPolkadot as Parachain>::RuntimeOrigin::root();
    |                                                        ^^^^^^^^^^^^^ not found in `Parachain`

error[E0576]: cannot find associated type `RuntimeEvent` in trait `Parachain`
   --> integration-tests/emulated/src/tests/spiritnet/did_pallets/unallowed_did_call.rs:164:57
    |
164 |             type RuntimeEvent = <AssetHubPolkadot as Parachain>::RuntimeEvent;
    |                                                                  ^^^^^^^^^^^^ not found in `Parachain`

error[E0576]: cannot find associated type `RuntimeEvent` in trait `Parachain`
   --> integration-tests/emulated/src/tests/spiritnet/did_pallets/unallowed_did_call.rs:174:59
    |
174 |             type SpiritnetRuntimeEvent = <Spiritnet as Parachain>::RuntimeEvent;
    |                                                                    ^^^^^^^^^^^^ not found in `Parachain`

error[E0576]: cannot find associated type `RuntimeCall` in trait `Parachain`
  --> integration-tests/emulated/src/tests/spiritnet/did_pallets/w3n.rs:41:58
   |
41 |     let call: DoubleEncoded<()> = <Spiritnet as Parachain>::RuntimeCall::Did(did::Call::dispatch_as {
   |                                                             ^^^^^^^^^^^ not found in `Parachain`

error[E0576]: cannot find associated type `RuntimeCall` in trait `Parachain`
  --> integration-tests/emulated/src/tests/spiritnet/did_pallets/w3n.rs:43:44
   |
43 |         call: Box::new(<Spiritnet as Parachain>::RuntimeCall::Web3Names(
   |                                                  ^^^^^^^^^^^ not found in `Parachain`

error[E0576]: cannot find associated type `RuntimeOrigin` in trait `Parachain`
  --> integration-tests/emulated/src/tests/spiritnet/did_pallets/w3n.rs:59:53
   |
59 |     let sudo_origin = <AssetHubPolkadot as Parachain>::RuntimeOrigin::root();
   |                                                        ^^^^^^^^^^^^^ not found in `Parachain`

error[E0576]: cannot find associated type `RuntimeEvent` in trait `Parachain`
  --> integration-tests/emulated/src/tests/spiritnet/did_pallets/w3n.rs:79:56
   |
79 |         type RuntimeEvent = <AssetHubPolkadot as Parachain>::RuntimeEvent;
   |                                                              ^^^^^^^^^^^^ not found in `Parachain`

error[E0576]: cannot find associated type `RuntimeEvent` in trait `Parachain`
  --> integration-tests/emulated/src/tests/spiritnet/did_pallets/w3n.rs:90:58
   |
90 |         type SpiritnetRuntimeEvent = <Spiritnet as Parachain>::RuntimeEvent;
   |                                                                ^^^^^^^^^^^^ not found in `Parachain`

error[E0576]: cannot find associated type `RuntimeOrigin` in trait `Parachain`
   --> integration-tests/emulated/src/tests/spiritnet/did_pallets/w3n.rs:116:53
    |
116 |     let sudo_origin = <AssetHubPolkadot as Parachain>::RuntimeOrigin::root();
    |                                                        ^^^^^^^^^^^^^ not found in `Parachain`

error[E0576]: cannot find associated type `RuntimeEvent` in trait `Parachain`
   --> integration-tests/emulated/src/tests/spiritnet/did_pallets/w3n.rs:139:57
    |
139 |             type RuntimeEvent = <AssetHubPolkadot as Parachain>::RuntimeEvent;
    |                                                                  ^^^^^^^^^^^^ not found in `Parachain`

error[E0576]: cannot find associated type `RuntimeEvent` in trait `Parachain`
   --> integration-tests/emulated/src/tests/spiritnet/did_pallets/w3n.rs:149:59
    |
149 |             type SpiritnetRuntimeEvent = <Spiritnet as Parachain>::RuntimeEvent;
    |                                                                    ^^^^^^^^^^^^ not found in `Parachain`

error[E0576]: cannot find associated type `RuntimeEvent` in trait `Parachain`
  --> integration-tests/emulated/src/tests/spiritnet/reserve_transfers.rs:65:49
   |
65 |         type RuntimeEvent = <Spiritnet as Parachain>::RuntimeEvent;
   |                                                       ^^^^^^^^^^^^ not found in `Parachain`

error[E0576]: cannot find associated type `Balances` in trait `Parachain`
  --> integration-tests/emulated/src/tests/spiritnet/reserve_transfers.rs:97:31
   |
97 |             <<Spiritnet as Parachain>::Balances as Inspect<AccountId>>::balance(&asset_hub_sovereign_account);
   |                                        ^^^^^^^^ not found in `Parachain`

error[E0576]: cannot find associated type `RuntimeEvent` in trait `Parachain`
   --> integration-tests/emulated/src/tests/spiritnet/reserve_transfers.rs:117:49
    |
117 |         type RuntimeEvent = <Spiritnet as Parachain>::RuntimeEvent;
    |                                                       ^^^^^^^^^^^^ not found in `Parachain`

error[E0576]: cannot find associated type `Balances` in trait `Parachain`
   --> integration-tests/emulated/src/tests/spiritnet/reserve_transfers.rs:130:31
    |
130 |             <<Spiritnet as Parachain>::Balances as Inspect<AccountId>>::balance(&asset_hub_sovereign_account);
    |                                        ^^^^^^^^ not found in `Parachain`

error[E0576]: cannot find associated type `RuntimeEvent` in trait `Parachain`
   --> integration-tests/emulated/src/tests/spiritnet/reserve_transfers.rs:142:56
    |
142 |         type RuntimeEvent = <AssetHubPolkadot as Parachain>::RuntimeEvent;
    |                                                              ^^^^^^^^^^^^ not found in `Parachain`

error[E0576]: cannot find associated type `RuntimeCall` in trait `Parachain`
  --> integration-tests/emulated/src/tests/spiritnet/sudo.rs:50:58
   |
50 |     let call: DoubleEncoded<()> = <Spiritnet as Parachain>::RuntimeCall::System(frame_system::Call::set_code { code })
   |                                                             ^^^^^^^^^^^ not found in `Parachain`

error[E0576]: cannot find associated type `RuntimeCall` in trait `Parachain`
  --> integration-tests/emulated/src/tests/spiritnet/sudo.rs:72:58
   |
72 |     let call: DoubleEncoded<()> = <Spiritnet as Parachain>::RuntimeCall::System(frame_system::Call::set_code { code })
   |                                                             ^^^^^^^^^^^ not found in `Parachain`

error[E0576]: cannot find associated type `RuntimeOrigin` in trait `RelayChain`
  --> integration-tests/emulated/src/tests/spiritnet/sudo.rs:96:46
   |
96 |     let sudo_origin = <Polkadot as RelayChain>::RuntimeOrigin::root();
   |                                                 ^^^^^^^^^^^^^ not found in `RelayChain`

error[E0576]: cannot find associated type `RuntimeEvent` in trait `RelayChain`
   --> integration-tests/emulated/src/tests/spiritnet/sudo.rs:118:50
    |
118 |             type RuntimeEvent = <Polkadot as RelayChain>::RuntimeEvent;
    |                                                           ^^^^^^^^^^^^ not found in `RelayChain`

error[E0576]: cannot find associated type `RuntimeEvent` in trait `Parachain`
   --> integration-tests/emulated/src/tests/spiritnet/sudo.rs:129:59
    |
129 |             type SpiritnetRuntimeEvent = <Spiritnet as Parachain>::RuntimeEvent;
    |                                                                    ^^^^^^^^^^^^ not found in `Parachain`

error[E0576]: cannot find associated type `RuntimeOrigin` in trait `Parachain`
   --> integration-tests/emulated/src/tests/spiritnet/sudo.rs:154:53
    |
154 |     let sudo_origin = <AssetHubPolkadot as Parachain>::RuntimeOrigin::root();
    |                                                        ^^^^^^^^^^^^^ not found in `Parachain`

error[E0576]: cannot find associated type `RuntimeEvent` in trait `Parachain`
   --> integration-tests/emulated/src/tests/spiritnet/sudo.rs:182:57
    |
182 |             type RuntimeEvent = <AssetHubPolkadot as Parachain>::RuntimeEvent;
    |                                                                  ^^^^^^^^^^^^ not found in `Parachain`

error[E0576]: cannot find associated type `RuntimeEvent` in trait `Parachain`
   --> integration-tests/emulated/src/tests/spiritnet/sudo.rs:193:59
    |
193 |             type SpiritnetRuntimeEvent = <Spiritnet as Parachain>::RuntimeEvent;
    |                                                                    ^^^^^^^^^^^^ not found in `Parachain`

error[E0576]: cannot find associated type `RuntimeOrigin` in trait `Parachain`
  --> integration-tests/emulated/src/tests/spiritnet/unpaid_execution.rs:43:53
   |
43 |     let sudo_origin = <AssetHubPolkadot as Parachain>::RuntimeOrigin::root();
   |                                                        ^^^^^^^^^^^^^ not found in `Parachain`

error[E0576]: cannot find associated type `RuntimeEvent` in trait `Parachain`
  --> integration-tests/emulated/src/tests/spiritnet/unpaid_execution.rs:63:56
   |
63 |         type RuntimeEvent = <AssetHubPolkadot as Parachain>::RuntimeEvent;
   |                                                              ^^^^^^^^^^^^ not found in `Parachain`

error[E0576]: cannot find associated type `RuntimeEvent` in trait `Parachain`
  --> integration-tests/emulated/src/tests/spiritnet/unpaid_execution.rs:75:58
   |
75 |         type SpiritnetRuntimeEvent = <Spiritnet as Parachain>::RuntimeEvent;
   |                                                                ^^^^^^^^^^^^ not found in `Parachain`

error[E0576]: cannot find associated type `RuntimeOrigin` in trait `RelayChain`
  --> integration-tests/emulated/src/tests/spiritnet/unpaid_execution.rs:97:46
   |
97 |     let sudo_origin = <Polkadot as RelayChain>::RuntimeOrigin::root();
   |                                                 ^^^^^^^^^^^^^ not found in `RelayChain`

error[E0576]: cannot find associated type `RuntimeCall` in trait `Parachain`
   --> integration-tests/emulated/src/tests/spiritnet/unpaid_execution.rs:108:58
    |
108 |     let call: DoubleEncoded<()> = <Spiritnet as Parachain>::RuntimeCall::Did(did::Call::create_from_account {
    |                                                             ^^^^^^^^^^^ not found in `Parachain`

error[E0576]: cannot find associated type `RuntimeEvent` in trait `RelayChain`
   --> integration-tests/emulated/src/tests/spiritnet/unpaid_execution.rs:139:49
    |
139 |         type RuntimeEvent = <Polkadot as RelayChain>::RuntimeEvent;
    |                                                       ^^^^^^^^^^^^ not found in `RelayChain`

error[E0576]: cannot find associated type `RuntimeEvent` in trait `Parachain`
   --> integration-tests/emulated/src/tests/spiritnet/unpaid_execution.rs:150:58
    |
150 |         type SpiritnetRuntimeEvent = <Spiritnet as Parachain>::RuntimeEvent;
    |                                                                ^^^^^^^^^^^^ not found in `Parachain`

error[E0576]: cannot find associated type `Balances` in trait `Parachain`
   --> integration-tests/emulated/src/tests/spiritnet/unpaid_execution.rs:167:31
    |
167 |             <<Spiritnet as Parachain>::Balances as Inspect<AccountId>>::balance(&polkadot_sovereign_account);
    |                                        ^^^^^^^^ not found in `Parachain`

error[E0603]: module `polkadot` is private
  --> integration-tests/emulated/src/mock/relay_chains.rs:17:32
   |
17 | use integration_tests_common::{polkadot, rococo};
   |                                ^^^^^^^^ private module
   |
note: the module `polkadot` is defined here
  --> /home/adel/.cargo/git/checkouts/polkadot-sdk-cff69157b985ed76/f60318f/cumulus/parachains/integration-tests/emulated/common/src/lib.rs:23:71
   |
23 |     bridge_hub_polkadot, bridge_hub_rococo, collectives, kusama, penpal, polkadot, rococo, westend,
   |                                                                          ^^^^^^^^

error[E0603]: module `rococo` is private
  --> integration-tests/emulated/src/mock/relay_chains.rs:17:42
   |
17 | use integration_tests_common::{polkadot, rococo};
   |                                          ^^^^^^ private module
   |
note: the module `rococo` is defined here
  --> /home/adel/.cargo/git/checkouts/polkadot-sdk-cff69157b985ed76/f60318f/cumulus/parachains/integration-tests/emulated/common/src/lib.rs:23:81
   |
23 |     bridge_hub_polkadot, bridge_hub_rococo, collectives, kusama, penpal, polkadot, rococo, westend,
   |                                                                                    ^^^^^^

error[E0603]: module `asset_hub_polkadot` is private
  --> integration-tests/emulated/src/tests/peregrine/reserve_transfers.rs:20:32
   |
20 | use integration_tests_common::{asset_hub_polkadot, polkadot::ED, ALICE};
   |                                ^^^^^^^^^^^^^^^^^^ private module
   |
note: the module `asset_hub_polkadot` is defined here
  --> /home/adel/.cargo/git/checkouts/polkadot-sdk-cff69157b985ed76/f60318f/cumulus/parachains/integration-tests/emulated/common/src/lib.rs:22:20
   |
22 |     asset_hub_kusama, asset_hub_polkadot, asset_hub_westend, bridge_hub_kusama,
   |                       ^^^^^^^^^^^^^^^^^^

error[E0603]: module `polkadot` is private
  --> integration-tests/emulated/src/tests/peregrine/reserve_transfers.rs:20:52
   |
20 | use integration_tests_common::{asset_hub_polkadot, polkadot::ED, ALICE};
   |                                                    ^^^^^^^^ private module
   |
note: the module `polkadot` is defined here
  --> /home/adel/.cargo/git/checkouts/polkadot-sdk-cff69157b985ed76/f60318f/cumulus/parachains/integration-tests/emulated/common/src/lib.rs:23:71
   |
23 |     bridge_hub_polkadot, bridge_hub_rococo, collectives, kusama, penpal, polkadot, rococo, westend,
   |                                                                          ^^^^^^^^

error[E0603]: constant `ALICE` is private
  --> integration-tests/emulated/src/tests/peregrine/reserve_transfers.rs:20:66
   |
20 | use integration_tests_common::{asset_hub_polkadot, polkadot::ED, ALICE};
   |                                                                  ^^^^^ private constant
   |
note: the constant `ALICE` is defined here
  --> /home/adel/.cargo/git/checkouts/polkadot-sdk-cff69157b985ed76/f60318f/cumulus/parachains/integration-tests/emulated/common/src/lib.rs:21:13
   |
21 |     accounts::{ALICE, BOB},
   |                ^^^^^

error[E0603]: module `asset_hub_polkadot` is private
  --> integration-tests/emulated/src/tests/peregrine/teleportation.rs:21:32
   |
21 | use integration_tests_common::{asset_hub_polkadot, polkadot::ED, ALICE, BOB};
   |                                ^^^^^^^^^^^^^^^^^^ private module
   |
note: the module `asset_hub_polkadot` is defined here
  --> /home/adel/.cargo/git/checkouts/polkadot-sdk-cff69157b985ed76/f60318f/cumulus/parachains/integration-tests/emulated/common/src/lib.rs:22:20
   |
22 |     asset_hub_kusama, asset_hub_polkadot, asset_hub_westend, bridge_hub_kusama,
   |                       ^^^^^^^^^^^^^^^^^^

error[E0603]: module `polkadot` is private
  --> integration-tests/emulated/src/tests/peregrine/teleportation.rs:21:52
   |
21 | use integration_tests_common::{asset_hub_polkadot, polkadot::ED, ALICE, BOB};
   |                                                    ^^^^^^^^ private module
   |
note: the module `polkadot` is defined here
  --> /home/adel/.cargo/git/checkouts/polkadot-sdk-cff69157b985ed76/f60318f/cumulus/parachains/integration-tests/emulated/common/src/lib.rs:23:71
   |
23 |     bridge_hub_polkadot, bridge_hub_rococo, collectives, kusama, penpal, polkadot, rococo, westend,
   |                                                                          ^^^^^^^^

error[E0603]: constant `ALICE` is private
  --> integration-tests/emulated/src/tests/peregrine/teleportation.rs:21:66
   |
21 | use integration_tests_common::{asset_hub_polkadot, polkadot::ED, ALICE, BOB};
   |                                                                  ^^^^^ private constant
   |
note: the constant `ALICE` is defined here
  --> /home/adel/.cargo/git/checkouts/polkadot-sdk-cff69157b985ed76/f60318f/cumulus/parachains/integration-tests/emulated/common/src/lib.rs:21:13
   |
21 |     accounts::{ALICE, BOB},
   |                ^^^^^

error[E0603]: constant `BOB` is private
  --> integration-tests/emulated/src/tests/peregrine/teleportation.rs:21:73
   |
21 | use integration_tests_common::{asset_hub_polkadot, polkadot::ED, ALICE, BOB};
   |                                                                         ^^^ private constant
   |
note: the constant `BOB` is defined here
  --> /home/adel/.cargo/git/checkouts/polkadot-sdk-cff69157b985ed76/f60318f/cumulus/parachains/integration-tests/emulated/common/src/lib.rs:21:20
   |
21 |     accounts::{ALICE, BOB},
   |                       ^^^

error[E0603]: module `asset_hub_polkadot` is private
  --> integration-tests/emulated/src/tests/spiritnet/reserve_transfers.rs:20:32
   |
20 | use integration_tests_common::{asset_hub_polkadot, polkadot::ED, ALICE};
   |                                ^^^^^^^^^^^^^^^^^^ private module
   |
note: the module `asset_hub_polkadot` is defined here
  --> /home/adel/.cargo/git/checkouts/polkadot-sdk-cff69157b985ed76/f60318f/cumulus/parachains/integration-tests/emulated/common/src/lib.rs:22:20
   |
22 |     asset_hub_kusama, asset_hub_polkadot, asset_hub_westend, bridge_hub_kusama,
   |                       ^^^^^^^^^^^^^^^^^^

error[E0603]: module `polkadot` is private
  --> integration-tests/emulated/src/tests/spiritnet/reserve_transfers.rs:20:52
   |
20 | use integration_tests_common::{asset_hub_polkadot, polkadot::ED, ALICE};
   |                                                    ^^^^^^^^ private module
   |
note: the module `polkadot` is defined here
  --> /home/adel/.cargo/git/checkouts/polkadot-sdk-cff69157b985ed76/f60318f/cumulus/parachains/integration-tests/emulated/common/src/lib.rs:23:71
   |
23 |     bridge_hub_polkadot, bridge_hub_rococo, collectives, kusama, penpal, polkadot, rococo, westend,
   |                                                                          ^^^^^^^^

error[E0603]: constant `ALICE` is private
  --> integration-tests/emulated/src/tests/spiritnet/reserve_transfers.rs:20:66
   |
20 | use integration_tests_common::{asset_hub_polkadot, polkadot::ED, ALICE};
   |                                                                  ^^^^^ private constant
   |
note: the constant `ALICE` is defined here
  --> /home/adel/.cargo/git/checkouts/polkadot-sdk-cff69157b985ed76/f60318f/cumulus/parachains/integration-tests/emulated/common/src/lib.rs:21:13
   |
21 |     accounts::{ALICE, BOB},
   |                ^^^^^

error[E0603]: module `asset_hub_polkadot` is private
  --> integration-tests/emulated/src/tests/spiritnet/teleportation.rs:21:32
   |
21 | use integration_tests_common::{asset_hub_polkadot, polkadot::ED, ALICE, BOB};
   |                                ^^^^^^^^^^^^^^^^^^ private module
   |
note: the module `asset_hub_polkadot` is defined here
  --> /home/adel/.cargo/git/checkouts/polkadot-sdk-cff69157b985ed76/f60318f/cumulus/parachains/integration-tests/emulated/common/src/lib.rs:22:20
   |
22 |     asset_hub_kusama, asset_hub_polkadot, asset_hub_westend, bridge_hub_kusama,
   |                       ^^^^^^^^^^^^^^^^^^

error[E0603]: module `polkadot` is private
  --> integration-tests/emulated/src/tests/spiritnet/teleportation.rs:21:52
   |
21 | use integration_tests_common::{asset_hub_polkadot, polkadot::ED, ALICE, BOB};
   |                                                    ^^^^^^^^ private module
   |
note: the module `polkadot` is defined here
  --> /home/adel/.cargo/git/checkouts/polkadot-sdk-cff69157b985ed76/f60318f/cumulus/parachains/integration-tests/emulated/common/src/lib.rs:23:71
   |
23 |     bridge_hub_polkadot, bridge_hub_rococo, collectives, kusama, penpal, polkadot, rococo, westend,
   |                                                                          ^^^^^^^^

error[E0603]: constant `ALICE` is private
  --> integration-tests/emulated/src/tests/spiritnet/teleportation.rs:21:66
   |
21 | use integration_tests_common::{asset_hub_polkadot, polkadot::ED, ALICE, BOB};
   |                                                                  ^^^^^ private constant
   |
note: the constant `ALICE` is defined here
  --> /home/adel/.cargo/git/checkouts/polkadot-sdk-cff69157b985ed76/f60318f/cumulus/parachains/integration-tests/emulated/common/src/lib.rs:21:13
   |
21 |     accounts::{ALICE, BOB},
   |                ^^^^^

error[E0603]: constant `BOB` is private
  --> integration-tests/emulated/src/tests/spiritnet/teleportation.rs:21:73
   |
21 | use integration_tests_common::{asset_hub_polkadot, polkadot::ED, ALICE, BOB};
   |                                                                         ^^^ private constant
   |
note: the constant `BOB` is defined here
  --> /home/adel/.cargo/git/checkouts/polkadot-sdk-cff69157b985ed76/f60318f/cumulus/parachains/integration-tests/emulated/common/src/lib.rs:21:20
   |
21 |     accounts::{ALICE, BOB},
   |                       ^^^

warning: unused import: `polkadot_primitives::Balance`
  --> integration-tests/emulated/src/mock/network.rs:18:5
   |
18 | use polkadot_primitives::Balance;
   |     ^^^^^^^^^^^^^^^^^^^^^^^^^^^^
   |
   = note: `#[warn(unused_imports)]` on by default

warning: unused import: `sp_core::sr25519`
  --> integration-tests/emulated/src/mock/network.rs:19:5
   |
19 | use sp_core::sr25519;
   |     ^^^^^^^^^^^^^^^^

warning: unused imports: `AccountId`, `Ancestor`, `BridgeMessageHandler`, `MultiLocation`, `Parent`, `RelayChain`, `X1`
  --> integration-tests/emulated/src/mock/network.rs:21:22
   |
21 |     decl_test_networks, AccountId, Ancestor, BridgeMessageHandler, MultiLocation, Network, Parachain, Parent,
   |                         ^^^^^^^^^  ^^^^^^^^  ^^^^^^^^^^^^^^^^^^^^  ^^^^^^^^^^^^^                      ^^^^^^
22 |     RelayChain, TestExt, X1,
   |     ^^^^^^^^^^           ^^

warning: unused import: `xcm_executor::traits::ConvertLocation`
  --> integration-tests/emulated/src/mock/network.rs:24:5
   |
24 | use xcm_executor::traits::ConvertLocation;
   |     ^^^^^^^^^^^^^^^^^^^^^^^^^^^^^^^^^^^^^

warning: unused import: `BridgeMessageHandler`
  --> integration-tests/emulated/src/mock/para_chains.rs:21:42
   |
21 | use xcm_emulator::{decl_test_parachains, BridgeMessageHandler, Parachain, TestExt};
   |                                          ^^^^^^^^^^^^^^^^^^^^

warning: unused imports: `RelayChain`, `XcmHash`
  --> integration-tests/emulated/src/mock/relay_chains.rs:18:69
   |
18 | use xcm_emulator::{decl_test_relay_chains, DefaultMessageProcessor, RelayChain, TestExt, XcmHash};
   |                                                                     ^^^^^^^^^^           ^^^^^^^

error[E0271]: type mismatch resolving `<Header<u64, BlakeTwo256> as HeaderT>::Number == u32`
   --> integration-tests/emulated/src/mock/para_chains.rs:124:1
    |
124 | / decl_test_parachains! {
125 | |     pub struct Spiritnet {
126 | |         genesis = spiritnet::genesis(),
127 | |         on_init = (),
...   |
198 | |     }
199 | | }
    | | ^
    | | |
    | |_expected `u32`, found `u64`
    |   required by a bound introduced by this call
    |
    = note: this error originates in the macro `decl_test_parachains` (in Nightly builds, run with -Z macro-backtrace for more info)

error[E0308]: mismatched types
   --> integration-tests/emulated/src/mock/para_chains.rs:124:1
    |
124 | / decl_test_parachains! {
125 | |     pub struct Spiritnet {
126 | |         genesis = spiritnet::genesis(),
127 | |         on_init = (),
...   |
198 | |     }
199 | | }
    | | ^
    | | |
    | |_expected `u32`, found `u64`
    |   arguments to this function are incorrect
    |
note: associated function defined here
   --> /home/adel/.cargo/git/checkouts/polkadot-sdk-cff69157b985ed76/f60318f/substrate/frame/support/src/traits/hooks.rs:312:5
    |
312 |     fn on_initialize(_n: BlockNumber) -> Weight {
    |        ^^^^^^^^^^^^^
    = note: this error originates in the macro `decl_test_parachains` (in Nightly builds, run with -Z macro-backtrace for more info)

error[E0599]: no function or associated item named `reset` found for struct `MockNetworkRococo` in the current scope
  --> integration-tests/emulated/src/tests/peregrine/did_pallets/association.rs:54:21
   |
54 |       MockNetworkRococo::reset();
   |                          ^^^^^ function or associated item not found in `MockNetworkRococo`
   |
  ::: integration-tests/emulated/src/mock/network.rs:31:1
   |
31 | / decl_test_networks! {
32 | |     pub struct MockNetworkPolkadot {
33 | |         relay_chain = Polkadot,
34 | |         parachains = vec![
...  |
47 | |     }
48 | | }
   | |_- function or associated item `reset` not found for this struct
   |
   = help: items from traits can only be used if the trait is in scope
help: the following trait is implemented but not in scope; perhaps add a `use` for it:
   |
19 + use xcm_emulator::Network;
   |

error[E0599]: no function or associated item named `events` found for struct `relay_chains::Rococo` in the current scope
   --> integration-tests/emulated/src/tests/peregrine/did_pallets/association.rs:106:22
    |
106 |           assert_eq!(Rococo::events().len(), 0);
    |                              ^^^^^^ function or associated item not found in `Rococo`
    |
   ::: integration-tests/emulated/src/mock/relay_chains.rs:20:1
    |
20  | / decl_test_relay_chains! {
21  | |     #[api_version(5)]
22  | |     pub struct Polkadot {
23  | |         genesis = polkadot::genesis(),
...   |
50  | |     },
51  | | }
    | |_- function or associated item `events` not found for this struct
    |
    = help: items from traits can only be used if the trait is in scope
help: the following trait is implemented but not in scope; perhaps add a `use` for it:
    |
19  + use xcm_emulator::Chain;
    |

error[E0599]: no function or associated item named `reset` found for struct `MockNetworkRococo` in the current scope
   --> integration-tests/emulated/src/tests/peregrine/did_pallets/association.rs:121:22
    |
121 |           MockNetworkRococo::reset();
    |                              ^^^^^ function or associated item not found in `MockNetworkRococo`
    |
   ::: integration-tests/emulated/src/mock/network.rs:31:1
    |
31  | / decl_test_networks! {
32  | |     pub struct MockNetworkPolkadot {
33  | |         relay_chain = Polkadot,
34  | |         parachains = vec![
...   |
47  | |     }
48  | | }
    | |_- function or associated item `reset` not found for this struct
    |
    = help: items from traits can only be used if the trait is in scope
help: the following trait is implemented but not in scope; perhaps add a `use` for it:
    |
19  + use xcm_emulator::Network;
    |

error[E0599]: no function or associated item named `events` found for struct `Peregrine` in the current scope
   --> integration-tests/emulated/src/tests/peregrine/did_pallets/association.rs:149:38
    |
149 |               let is_event_present = Peregrine::events().iter().any(|event| {
    |                                                 ^^^^^^ function or associated item not found in `Peregrine`
    |
   ::: integration-tests/emulated/src/mock/para_chains.rs:124:1
    |
124 | / decl_test_parachains! {
125 | |     pub struct Spiritnet {
126 | |         genesis = spiritnet::genesis(),
127 | |         on_init = (),
...   |
198 | |     }
199 | | }
    | |_- function or associated item `events` not found for this struct
    |
    = help: items from traits can only be used if the trait is in scope
help: the following trait is implemented but not in scope; perhaps add a `use` for it:
    |
19  + use xcm_emulator::Chain;
    |

error[E0599]: no function or associated item named `events` found for struct `relay_chains::Rococo` in the current scope
   --> integration-tests/emulated/src/tests/peregrine/did_pallets/association.rs:161:23
    |
161 |               assert_eq!(Rococo::events().len(), 0);
    |                                  ^^^^^^ function or associated item not found in `Rococo`
    |
   ::: integration-tests/emulated/src/mock/relay_chains.rs:20:1
    |
20  | / decl_test_relay_chains! {
21  | |     #[api_version(5)]
22  | |     pub struct Polkadot {
23  | |         genesis = polkadot::genesis(),
...   |
50  | |     },
51  | | }
    | |_- function or associated item `events` not found for this struct
    |
    = help: items from traits can only be used if the trait is in scope
help: the following trait is implemented but not in scope; perhaps add a `use` for it:
    |
19  + use xcm_emulator::Chain;
    |

error[E0599]: no function or associated item named `reset` found for struct `MockNetworkRococo` in the current scope
  --> integration-tests/emulated/src/tests/peregrine/did_pallets/attestation.rs:64:21
   |
64 |       MockNetworkRococo::reset();
   |                          ^^^^^ function or associated item not found in `MockNetworkRococo`
   |
  ::: integration-tests/emulated/src/mock/network.rs:31:1
   |
31 | / decl_test_networks! {
32 | |     pub struct MockNetworkPolkadot {
33 | |         relay_chain = Polkadot,
34 | |         parachains = vec![
...  |
47 | |     }
48 | | }
   | |_- function or associated item `reset` not found for this struct
   |
   = help: items from traits can only be used if the trait is in scope
help: the following trait is implemented but not in scope; perhaps add a `use` for it:
   |
19 + use xcm_emulator::Network;
   |

error[E0599]: no function or associated item named `events` found for struct `relay_chains::Rococo` in the current scope
   --> integration-tests/emulated/src/tests/peregrine/did_pallets/attestation.rs:125:22
    |
125 |           assert_eq!(Rococo::events().len(), 0);
    |                              ^^^^^^ function or associated item not found in `Rococo`
    |
   ::: integration-tests/emulated/src/mock/relay_chains.rs:20:1
    |
20  | / decl_test_relay_chains! {
21  | |     #[api_version(5)]
22  | |     pub struct Polkadot {
23  | |         genesis = polkadot::genesis(),
...   |
50  | |     },
51  | | }
    | |_- function or associated item `events` not found for this struct
    |
    = help: items from traits can only be used if the trait is in scope
help: the following trait is implemented but not in scope; perhaps add a `use` for it:
    |
19  + use xcm_emulator::Chain;
    |

error[E0599]: no function or associated item named `reset` found for struct `MockNetworkRococo` in the current scope
   --> integration-tests/emulated/src/tests/peregrine/did_pallets/attestation.rs:144:22
    |
144 |           MockNetworkRococo::reset();
    |                              ^^^^^ function or associated item not found in `MockNetworkRococo`
    |
   ::: integration-tests/emulated/src/mock/network.rs:31:1
    |
31  | / decl_test_networks! {
32  | |     pub struct MockNetworkPolkadot {
33  | |         relay_chain = Polkadot,
34  | |         parachains = vec![
...   |
47  | |     }
48  | | }
    | |_- function or associated item `reset` not found for this struct
    |
    = help: items from traits can only be used if the trait is in scope
help: the following trait is implemented but not in scope; perhaps add a `use` for it:
    |
19  + use xcm_emulator::Network;
    |

error[E0599]: no function or associated item named `events` found for struct `Peregrine` in the current scope
   --> integration-tests/emulated/src/tests/peregrine/did_pallets/attestation.rs:174:38
    |
174 |               let is_event_present = Peregrine::events().iter().any(|event| {
    |                                                 ^^^^^^ function or associated item not found in `Peregrine`
    |
   ::: integration-tests/emulated/src/mock/para_chains.rs:124:1
    |
124 | / decl_test_parachains! {
125 | |     pub struct Spiritnet {
126 | |         genesis = spiritnet::genesis(),
127 | |         on_init = (),
...   |
198 | |     }
199 | | }
    | |_- function or associated item `events` not found for this struct
    |
    = help: items from traits can only be used if the trait is in scope
help: the following trait is implemented but not in scope; perhaps add a `use` for it:
    |
19  + use xcm_emulator::Chain;
    |

error[E0599]: no function or associated item named `events` found for struct `relay_chains::Rococo` in the current scope
   --> integration-tests/emulated/src/tests/peregrine/did_pallets/attestation.rs:186:23
    |
186 |               assert_eq!(Rococo::events().len(), 0);
    |                                  ^^^^^^ function or associated item not found in `Rococo`
    |
   ::: integration-tests/emulated/src/mock/relay_chains.rs:20:1
    |
20  | / decl_test_relay_chains! {
21  | |     #[api_version(5)]
22  | |     pub struct Polkadot {
23  | |         genesis = polkadot::genesis(),
...   |
50  | |     },
51  | | }
    | |_- function or associated item `events` not found for this struct
    |
    = help: items from traits can only be used if the trait is in scope
help: the following trait is implemented but not in scope; perhaps add a `use` for it:
    |
19  + use xcm_emulator::Chain;
    |

error[E0599]: no function or associated item named `reset` found for struct `MockNetworkRococo` in the current scope
  --> integration-tests/emulated/src/tests/peregrine/did_pallets/ctype.rs:54:21
   |
54 |       MockNetworkRococo::reset();
   |                          ^^^^^ function or associated item not found in `MockNetworkRococo`
   |
  ::: integration-tests/emulated/src/mock/network.rs:31:1
   |
31 | / decl_test_networks! {
32 | |     pub struct MockNetworkPolkadot {
33 | |         relay_chain = Polkadot,
34 | |         parachains = vec![
...  |
47 | |     }
48 | | }
   | |_- function or associated item `reset` not found for this struct
   |
   = help: items from traits can only be used if the trait is in scope
help: the following trait is implemented but not in scope; perhaps add a `use` for it:
   |
19 + use xcm_emulator::Network;
   |

error[E0599]: no function or associated item named `events` found for struct `relay_chains::Rococo` in the current scope
   --> integration-tests/emulated/src/tests/peregrine/did_pallets/ctype.rs:106:22
    |
106 |           assert_eq!(Rococo::events().len(), 0);
    |                              ^^^^^^ function or associated item not found in `Rococo`
    |
   ::: integration-tests/emulated/src/mock/relay_chains.rs:20:1
    |
20  | / decl_test_relay_chains! {
21  | |     #[api_version(5)]
22  | |     pub struct Polkadot {
23  | |         genesis = polkadot::genesis(),
...   |
50  | |     },
51  | | }
    | |_- function or associated item `events` not found for this struct
    |
    = help: items from traits can only be used if the trait is in scope
help: the following trait is implemented but not in scope; perhaps add a `use` for it:
    |
19  + use xcm_emulator::Chain;
    |

error[E0599]: no function or associated item named `reset` found for struct `MockNetworkRococo` in the current scope
   --> integration-tests/emulated/src/tests/peregrine/did_pallets/ctype.rs:123:22
    |
123 |           MockNetworkRococo::reset();
    |                              ^^^^^ function or associated item not found in `MockNetworkRococo`
    |
   ::: integration-tests/emulated/src/mock/network.rs:31:1
    |
31  | / decl_test_networks! {
32  | |     pub struct MockNetworkPolkadot {
33  | |         relay_chain = Polkadot,
34  | |         parachains = vec![
...   |
47  | |     }
48  | | }
    | |_- function or associated item `reset` not found for this struct
    |
    = help: items from traits can only be used if the trait is in scope
help: the following trait is implemented but not in scope; perhaps add a `use` for it:
    |
19  + use xcm_emulator::Network;
    |

error[E0599]: no function or associated item named `events` found for struct `Peregrine` in the current scope
   --> integration-tests/emulated/src/tests/peregrine/did_pallets/ctype.rs:151:38
    |
151 |               let is_event_present = Peregrine::events().iter().any(|event| {
    |                                                 ^^^^^^ function or associated item not found in `Peregrine`
    |
   ::: integration-tests/emulated/src/mock/para_chains.rs:124:1
    |
124 | / decl_test_parachains! {
125 | |     pub struct Spiritnet {
126 | |         genesis = spiritnet::genesis(),
127 | |         on_init = (),
...   |
198 | |     }
199 | | }
    | |_- function or associated item `events` not found for this struct
    |
    = help: items from traits can only be used if the trait is in scope
help: the following trait is implemented but not in scope; perhaps add a `use` for it:
    |
19  + use xcm_emulator::Chain;
    |

error[E0599]: no function or associated item named `events` found for struct `relay_chains::Rococo` in the current scope
   --> integration-tests/emulated/src/tests/peregrine/did_pallets/ctype.rs:163:23
    |
163 |               assert_eq!(Rococo::events().len(), 0);
    |                                  ^^^^^^ function or associated item not found in `Rococo`
    |
   ::: integration-tests/emulated/src/mock/relay_chains.rs:20:1
    |
20  | / decl_test_relay_chains! {
21  | |     #[api_version(5)]
22  | |     pub struct Polkadot {
23  | |         genesis = polkadot::genesis(),
...   |
50  | |     },
51  | | }
    | |_- function or associated item `events` not found for this struct
    |
    = help: items from traits can only be used if the trait is in scope
help: the following trait is implemented but not in scope; perhaps add a `use` for it:
    |
19  + use xcm_emulator::Chain;
    |

error[E0599]: no function or associated item named `reset` found for struct `MockNetworkRococo` in the current scope
  --> integration-tests/emulated/src/tests/peregrine/did_pallets/did.rs:52:21
   |
52 |       MockNetworkRococo::reset();
   |                          ^^^^^ function or associated item not found in `MockNetworkRococo`
   |
  ::: integration-tests/emulated/src/mock/network.rs:31:1
   |
31 | / decl_test_networks! {
32 | |     pub struct MockNetworkPolkadot {
33 | |         relay_chain = Polkadot,
34 | |         parachains = vec![
...  |
47 | |     }
48 | | }
   | |_- function or associated item `reset` not found for this struct
   |
   = help: items from traits can only be used if the trait is in scope
help: the following trait is implemented but not in scope; perhaps add a `use` for it:
   |
19 + use xcm_emulator::Network;
   |

error[E0599]: no function or associated item named `events` found for struct `relay_chains::Rococo` in the current scope
   --> integration-tests/emulated/src/tests/peregrine/did_pallets/did.rs:109:22
    |
109 |           assert_eq!(Rococo::events().len(), 0);
    |                              ^^^^^^ function or associated item not found in `Rococo`
    |
   ::: integration-tests/emulated/src/mock/relay_chains.rs:20:1
    |
20  | / decl_test_relay_chains! {
21  | |     #[api_version(5)]
22  | |     pub struct Polkadot {
23  | |         genesis = polkadot::genesis(),
...   |
50  | |     },
51  | | }
    | |_- function or associated item `events` not found for this struct
    |
    = help: items from traits can only be used if the trait is in scope
help: the following trait is implemented but not in scope; perhaps add a `use` for it:
    |
19  + use xcm_emulator::Chain;
    |

error[E0599]: no function or associated item named `reset` found for struct `MockNetworkRococo` in the current scope
   --> integration-tests/emulated/src/tests/peregrine/did_pallets/did.rs:126:22
    |
126 |           MockNetworkRococo::reset();
    |                              ^^^^^ function or associated item not found in `MockNetworkRococo`
    |
   ::: integration-tests/emulated/src/mock/network.rs:31:1
    |
31  | / decl_test_networks! {
32  | |     pub struct MockNetworkPolkadot {
33  | |         relay_chain = Polkadot,
34  | |         parachains = vec![
...   |
47  | |     }
48  | | }
    | |_- function or associated item `reset` not found for this struct
    |
    = help: items from traits can only be used if the trait is in scope
help: the following trait is implemented but not in scope; perhaps add a `use` for it:
    |
19  + use xcm_emulator::Network;
    |

error[E0599]: no function or associated item named `events` found for struct `Peregrine` in the current scope
   --> integration-tests/emulated/src/tests/peregrine/did_pallets/did.rs:153:45
    |
153 |               let is_create_event_present = Peregrine::events().iter().any(|event| {
    |                                                        ^^^^^^ function or associated item not found in `Peregrine`
    |
   ::: integration-tests/emulated/src/mock/para_chains.rs:124:1
    |
124 | / decl_test_parachains! {
125 | |     pub struct Spiritnet {
126 | |         genesis = spiritnet::genesis(),
127 | |         on_init = (),
...   |
198 | |     }
199 | | }
    | |_- function or associated item `events` not found for this struct
    |
    = help: items from traits can only be used if the trait is in scope
help: the following trait is implemented but not in scope; perhaps add a `use` for it:
    |
19  + use xcm_emulator::Chain;
    |

error[E0599]: no function or associated item named `events` found for struct `relay_chains::Rococo` in the current scope
   --> integration-tests/emulated/src/tests/peregrine/did_pallets/did.rs:164:23
    |
164 |               assert_eq!(Rococo::events().len(), 0);
    |                                  ^^^^^^ function or associated item not found in `Rococo`
    |
   ::: integration-tests/emulated/src/mock/relay_chains.rs:20:1
    |
20  | / decl_test_relay_chains! {
21  | |     #[api_version(5)]
22  | |     pub struct Polkadot {
23  | |         genesis = polkadot::genesis(),
...   |
50  | |     },
51  | | }
    | |_- function or associated item `events` not found for this struct
    |
    = help: items from traits can only be used if the trait is in scope
help: the following trait is implemented but not in scope; perhaps add a `use` for it:
    |
19  + use xcm_emulator::Chain;
    |

error[E0599]: no function or associated item named `reset` found for struct `MockNetworkRococo` in the current scope
  --> integration-tests/emulated/src/tests/peregrine/did_pallets/public_credentials.rs:69:21
   |
69 |       MockNetworkRococo::reset();
   |                          ^^^^^ function or associated item not found in `MockNetworkRococo`
   |
  ::: integration-tests/emulated/src/mock/network.rs:31:1
   |
31 | / decl_test_networks! {
32 | |     pub struct MockNetworkPolkadot {
33 | |         relay_chain = Polkadot,
34 | |         parachains = vec![
...  |
47 | |     }
48 | | }
   | |_- function or associated item `reset` not found for this struct
   |
   = help: items from traits can only be used if the trait is in scope
help: the following trait is implemented but not in scope; perhaps add a `use` for it:
   |
19 + use xcm_emulator::Network;
   |

error[E0599]: no function or associated item named `events` found for struct `relay_chains::Rococo` in the current scope
   --> integration-tests/emulated/src/tests/peregrine/did_pallets/public_credentials.rs:124:22
    |
124 |           assert_eq!(Rococo::events().len(), 0);
    |                              ^^^^^^ function or associated item not found in `Rococo`
    |
   ::: integration-tests/emulated/src/mock/relay_chains.rs:20:1
    |
20  | / decl_test_relay_chains! {
21  | |     #[api_version(5)]
22  | |     pub struct Polkadot {
23  | |         genesis = polkadot::genesis(),
...   |
50  | |     },
51  | | }
    | |_- function or associated item `events` not found for this struct
    |
    = help: items from traits can only be used if the trait is in scope
help: the following trait is implemented but not in scope; perhaps add a `use` for it:
    |
19  + use xcm_emulator::Chain;
    |

error[E0599]: no function or associated item named `reset` found for struct `MockNetworkRococo` in the current scope
   --> integration-tests/emulated/src/tests/peregrine/did_pallets/public_credentials.rs:140:22
    |
140 |           MockNetworkRococo::reset();
    |                              ^^^^^ function or associated item not found in `MockNetworkRococo`
    |
   ::: integration-tests/emulated/src/mock/network.rs:31:1
    |
31  | / decl_test_networks! {
32  | |     pub struct MockNetworkPolkadot {
33  | |         relay_chain = Polkadot,
34  | |         parachains = vec![
...   |
47  | |     }
48  | | }
    | |_- function or associated item `reset` not found for this struct
    |
    = help: items from traits can only be used if the trait is in scope
help: the following trait is implemented but not in scope; perhaps add a `use` for it:
    |
19  + use xcm_emulator::Network;
    |

error[E0599]: no function or associated item named `events` found for struct `Peregrine` in the current scope
   --> integration-tests/emulated/src/tests/peregrine/did_pallets/public_credentials.rs:170:38
    |
170 |               let is_event_present = Peregrine::events().iter().any(|event| {
    |                                                 ^^^^^^ function or associated item not found in `Peregrine`
    |
   ::: integration-tests/emulated/src/mock/para_chains.rs:124:1
    |
124 | / decl_test_parachains! {
125 | |     pub struct Spiritnet {
126 | |         genesis = spiritnet::genesis(),
127 | |         on_init = (),
...   |
198 | |     }
199 | | }
    | |_- function or associated item `events` not found for this struct
    |
    = help: items from traits can only be used if the trait is in scope
help: the following trait is implemented but not in scope; perhaps add a `use` for it:
    |
19  + use xcm_emulator::Chain;
    |

error[E0599]: no function or associated item named `events` found for struct `relay_chains::Rococo` in the current scope
   --> integration-tests/emulated/src/tests/peregrine/did_pallets/public_credentials.rs:182:23
    |
182 |               assert_eq!(Rococo::events().len(), 0);
    |                                  ^^^^^^ function or associated item not found in `Rococo`
    |
   ::: integration-tests/emulated/src/mock/relay_chains.rs:20:1
    |
20  | / decl_test_relay_chains! {
21  | |     #[api_version(5)]
22  | |     pub struct Polkadot {
23  | |         genesis = polkadot::genesis(),
...   |
50  | |     },
51  | | }
    | |_- function or associated item `events` not found for this struct
    |
    = help: items from traits can only be used if the trait is in scope
help: the following trait is implemented but not in scope; perhaps add a `use` for it:
    |
19  + use xcm_emulator::Chain;
    |

error[E0599]: no function or associated item named `reset` found for struct `MockNetworkRococo` in the current scope
  --> integration-tests/emulated/src/tests/peregrine/did_pallets/unallowed_did_call.rs:86:22
   |
86 |           MockNetworkRococo::reset();
   |                              ^^^^^ function or associated item not found in `MockNetworkRococo`
   |
  ::: integration-tests/emulated/src/mock/network.rs:31:1
   |
31 | / decl_test_networks! {
32 | |     pub struct MockNetworkPolkadot {
33 | |         relay_chain = Polkadot,
34 | |         parachains = vec![
...  |
47 | |     }
48 | | }
   | |_- function or associated item `reset` not found for this struct
   |
   = help: items from traits can only be used if the trait is in scope
help: the following trait is implemented but not in scope; perhaps add a `use` for it:
   |
19 + use xcm_emulator::Network;
   |

error[E0599]: no function or associated item named `events` found for struct `relay_chains::Rococo` in the current scope
   --> integration-tests/emulated/src/tests/peregrine/did_pallets/unallowed_did_call.rs:127:23
    |
127 |               assert_eq!(Rococo::events().len(), 0);
    |                                  ^^^^^^ function or associated item not found in `Rococo`
    |
   ::: integration-tests/emulated/src/mock/relay_chains.rs:20:1
    |
20  | / decl_test_relay_chains! {
21  | |     #[api_version(5)]
22  | |     pub struct Polkadot {
23  | |         genesis = polkadot::genesis(),
...   |
50  | |     },
51  | | }
    | |_- function or associated item `events` not found for this struct
    |
    = help: items from traits can only be used if the trait is in scope
help: the following trait is implemented but not in scope; perhaps add a `use` for it:
    |
19  + use xcm_emulator::Chain;
    |

error[E0599]: no function or associated item named `reset` found for struct `MockNetworkRococo` in the current scope
   --> integration-tests/emulated/src/tests/peregrine/did_pallets/unallowed_did_call.rs:148:22
    |
148 |           MockNetworkRococo::reset();
    |                              ^^^^^ function or associated item not found in `MockNetworkRococo`
    |
   ::: integration-tests/emulated/src/mock/network.rs:31:1
    |
31  | / decl_test_networks! {
32  | |     pub struct MockNetworkPolkadot {
33  | |         relay_chain = Polkadot,
34  | |         parachains = vec![
...   |
47  | |     }
48  | | }
    | |_- function or associated item `reset` not found for this struct
    |
    = help: items from traits can only be used if the trait is in scope
help: the following trait is implemented but not in scope; perhaps add a `use` for it:
    |
19  + use xcm_emulator::Network;
    |

error[E0599]: no function or associated item named `events` found for struct `relay_chains::Rococo` in the current scope
   --> integration-tests/emulated/src/tests/peregrine/did_pallets/unallowed_did_call.rs:189:23
    |
189 |               assert_eq!(Rococo::events().len(), 0);
    |                                  ^^^^^^ function or associated item not found in `Rococo`
    |
   ::: integration-tests/emulated/src/mock/relay_chains.rs:20:1
    |
20  | / decl_test_relay_chains! {
21  | |     #[api_version(5)]
22  | |     pub struct Polkadot {
23  | |         genesis = polkadot::genesis(),
...   |
50  | |     },
51  | | }
    | |_- function or associated item `events` not found for this struct
    |
    = help: items from traits can only be used if the trait is in scope
help: the following trait is implemented but not in scope; perhaps add a `use` for it:
    |
19  + use xcm_emulator::Chain;
    |

error[E0599]: no function or associated item named `sovereign_account_id_of` found for struct `Peregrine` in the current scope
   --> integration-tests/emulated/src/tests/peregrine/did_pallets/utils.rs:42:13
    |
42  |       Peregrine::sovereign_account_id_of(Peregrine::sibling_location_of(AssetHubRococo::para_id()))
    |                  ^^^^^^^^^^^^^^^^^^^^^^^ function or associated item not found in `Peregrine`
    |
   ::: integration-tests/emulated/src/mock/para_chains.rs:124:1
    |
124 | / decl_test_parachains! {
125 | |     pub struct Spiritnet {
126 | |         genesis = spiritnet::genesis(),
127 | |         on_init = (),
...   |
198 | |     }
199 | | }
    | |_- function or associated item `sovereign_account_id_of` not found for this struct
    |
    = help: items from traits can only be used if the trait is in scope
help: the following trait is implemented but not in scope; perhaps add a `use` for it:
    |
19  + use xcm_emulator::Parachain;
    |

error[E0599]: no function or associated item named `sibling_location_of` found for struct `Peregrine` in the current scope
   --> integration-tests/emulated/src/tests/peregrine/did_pallets/utils.rs:42:48
    |
42  |       Peregrine::sovereign_account_id_of(Peregrine::sibling_location_of(AssetHubRococo::para_id()))
    |                                                     ^^^^^^^^^^^^^^^^^^^ function or associated item not found in `Peregrine`
    |
   ::: integration-tests/emulated/src/mock/para_chains.rs:124:1
    |
124 | / decl_test_parachains! {
125 | |     pub struct Spiritnet {
126 | |         genesis = spiritnet::genesis(),
127 | |         on_init = (),
...   |
198 | |     }
199 | | }
    | |_- function or associated item `sibling_location_of` not found for this struct
    |
    = help: items from traits can only be used if the trait is in scope
help: the following trait is implemented but not in scope; perhaps add a `use` for it:
    |
19  + use xcm_emulator::Parachain;
    |

error[E0599]: no function or associated item named `para_id` found for struct `para_chains::AssetHubRococo` in the current scope
   --> integration-tests/emulated/src/tests/peregrine/did_pallets/utils.rs:42:84
    |
42  |       Peregrine::sovereign_account_id_of(Peregrine::sibling_location_of(AssetHubRococo::para_id()))
    |                                                                                         ^^^^^^^ function or associated item not found in `AssetHubRococo`
    |
   ::: integration-tests/emulated/src/mock/para_chains.rs:124:1
    |
124 | / decl_test_parachains! {
125 | |     pub struct Spiritnet {
126 | |         genesis = spiritnet::genesis(),
127 | |         on_init = (),
...   |
198 | |     }
199 | | }
    | |_- function or associated item `para_id` not found for this struct
    |
    = help: items from traits can only be used if the trait is in scope
help: the following trait is implemented but not in scope; perhaps add a `use` for it:
    |
19  + use xcm_emulator::Parachain;
    |

error[E0599]: no function or associated item named `reset` found for struct `MockNetworkRococo` in the current scope
  --> integration-tests/emulated/src/tests/peregrine/did_pallets/w3n.rs:57:21
   |
57 |       MockNetworkRococo::reset();
   |                          ^^^^^ function or associated item not found in `MockNetworkRococo`
   |
  ::: integration-tests/emulated/src/mock/network.rs:31:1
   |
31 | / decl_test_networks! {
32 | |     pub struct MockNetworkPolkadot {
33 | |         relay_chain = Polkadot,
34 | |         parachains = vec![
...  |
47 | |     }
48 | | }
   | |_- function or associated item `reset` not found for this struct
   |
   = help: items from traits can only be used if the trait is in scope
help: the following trait is implemented but not in scope; perhaps add a `use` for it:
   |
19 + use xcm_emulator::Network;
   |

error[E0599]: no function or associated item named `events` found for struct `relay_chains::Rococo` in the current scope
   --> integration-tests/emulated/src/tests/peregrine/did_pallets/w3n.rs:108:22
    |
108 |           assert_eq!(Rococo::events().len(), 0);
    |                              ^^^^^^ function or associated item not found in `Rococo`
    |
   ::: integration-tests/emulated/src/mock/relay_chains.rs:20:1
    |
20  | / decl_test_relay_chains! {
21  | |     #[api_version(5)]
22  | |     pub struct Polkadot {
23  | |         genesis = polkadot::genesis(),
...   |
50  | |     },
51  | | }
    | |_- function or associated item `events` not found for this struct
    |
    = help: items from traits can only be used if the trait is in scope
help: the following trait is implemented but not in scope; perhaps add a `use` for it:
    |
19  + use xcm_emulator::Chain;
    |

error[E0599]: no function or associated item named `reset` found for struct `MockNetworkRococo` in the current scope
   --> integration-tests/emulated/src/tests/peregrine/did_pallets/w3n.rs:123:22
    |
123 |           MockNetworkRococo::reset();
    |                              ^^^^^ function or associated item not found in `MockNetworkRococo`
    |
   ::: integration-tests/emulated/src/mock/network.rs:31:1
    |
31  | / decl_test_networks! {
32  | |     pub struct MockNetworkPolkadot {
33  | |         relay_chain = Polkadot,
34  | |         parachains = vec![
...   |
47  | |     }
48  | | }
    | |_- function or associated item `reset` not found for this struct
    |
    = help: items from traits can only be used if the trait is in scope
help: the following trait is implemented but not in scope; perhaps add a `use` for it:
    |
19  + use xcm_emulator::Network;
    |

error[E0599]: no function or associated item named `events` found for struct `Peregrine` in the current scope
   --> integration-tests/emulated/src/tests/peregrine/did_pallets/w3n.rs:151:38
    |
151 |               let is_event_present = Peregrine::events().iter().any(|event| {
    |                                                 ^^^^^^ function or associated item not found in `Peregrine`
    |
   ::: integration-tests/emulated/src/mock/para_chains.rs:124:1
    |
124 | / decl_test_parachains! {
125 | |     pub struct Spiritnet {
126 | |         genesis = spiritnet::genesis(),
127 | |         on_init = (),
...   |
198 | |     }
199 | | }
    | |_- function or associated item `events` not found for this struct
    |
    = help: items from traits can only be used if the trait is in scope
help: the following trait is implemented but not in scope; perhaps add a `use` for it:
    |
19  + use xcm_emulator::Chain;
    |

error[E0599]: no function or associated item named `events` found for struct `relay_chains::Rococo` in the current scope
   --> integration-tests/emulated/src/tests/peregrine/did_pallets/w3n.rs:166:23
    |
166 |               assert_eq!(Rococo::events().len(), 0);
    |                                  ^^^^^^ function or associated item not found in `Rococo`
    |
   ::: integration-tests/emulated/src/mock/relay_chains.rs:20:1
    |
20  | / decl_test_relay_chains! {
21  | |     #[api_version(5)]
22  | |     pub struct Polkadot {
23  | |         genesis = polkadot::genesis(),
...   |
50  | |     },
51  | | }
    | |_- function or associated item `events` not found for this struct
    |
    = help: items from traits can only be used if the trait is in scope
help: the following trait is implemented but not in scope; perhaps add a `use` for it:
    |
19  + use xcm_emulator::Chain;
    |

error[E0599]: no function or associated item named `reset` found for struct `MockNetworkRococo` in the current scope
  --> integration-tests/emulated/src/tests/peregrine/reserve_transfers.rs:44:21
   |
44 |       MockNetworkRococo::reset();
   |                          ^^^^^ function or associated item not found in `MockNetworkRococo`
   |
  ::: integration-tests/emulated/src/mock/network.rs:31:1
   |
31 | / decl_test_networks! {
32 | |     pub struct MockNetworkPolkadot {
33 | |         relay_chain = Polkadot,
34 | |         parachains = vec![
...  |
47 | |     }
48 | | }
   | |_- function or associated item `reset` not found for this struct
   |
   = help: items from traits can only be used if the trait is in scope
help: the following trait is implemented but not in scope; perhaps add a `use` for it:
   |
19 + use xcm_emulator::Network;
   |

error[E0599]: no function or associated item named `events` found for struct `relay_chains::Rococo` in the current scope
  --> integration-tests/emulated/src/tests/peregrine/reserve_transfers.rs:75:22
   |
75 |           assert_eq!(Rococo::events().len(), 0);
   |                              ^^^^^^ function or associated item not found in `Rococo`
   |
  ::: integration-tests/emulated/src/mock/relay_chains.rs:20:1
   |
20 | / decl_test_relay_chains! {
21 | |     #[api_version(5)]
22 | |     pub struct Polkadot {
23 | |         genesis = polkadot::genesis(),
...  |
50 | |     },
51 | | }
   | |_- function or associated item `events` not found for this struct
   |
   = help: items from traits can only be used if the trait is in scope
help: the following trait is implemented but not in scope; perhaps add a `use` for it:
   |
19 + use xcm_emulator::Chain;
   |

error[E0599]: no function or associated item named `reset` found for struct `MockNetworkRococo` in the current scope
  --> integration-tests/emulated/src/tests/peregrine/reserve_transfers.rs:81:21
   |
81 |       MockNetworkRococo::reset();
   |                          ^^^^^ function or associated item not found in `MockNetworkRococo`
   |
  ::: integration-tests/emulated/src/mock/network.rs:31:1
   |
31 | / decl_test_networks! {
32 | |     pub struct MockNetworkPolkadot {
33 | |         relay_chain = Polkadot,
34 | |         parachains = vec![
...  |
47 | |     }
48 | | }
   | |_- function or associated item `reset` not found for this struct
   |
   = help: items from traits can only be used if the trait is in scope
help: the following trait is implemented but not in scope; perhaps add a `use` for it:
   |
19 + use xcm_emulator::Network;
   |

error[E0599]: no function or associated item named `events` found for struct `relay_chains::Rococo` in the current scope
   --> integration-tests/emulated/src/tests/peregrine/reserve_transfers.rs:131:22
    |
131 |           assert_eq!(Rococo::events().len(), 0);
    |                              ^^^^^^ function or associated item not found in `Rococo`
    |
   ::: integration-tests/emulated/src/mock/relay_chains.rs:20:1
    |
20  | / decl_test_relay_chains! {
21  | |     #[api_version(5)]
22  | |     pub struct Polkadot {
23  | |         genesis = polkadot::genesis(),
...   |
50  | |     },
51  | | }
    | |_- function or associated item `events` not found for this struct
    |
    = help: items from traits can only be used if the trait is in scope
help: the following trait is implemented but not in scope; perhaps add a `use` for it:
    |
19  + use xcm_emulator::Chain;
    |

error[E0599]: no function or associated item named `reset` found for struct `MockNetworkRococo` in the current scope
   --> integration-tests/emulated/src/tests/peregrine/sudo.rs:105:22
    |
105 |           MockNetworkRococo::reset();
    |                              ^^^^^ function or associated item not found in `MockNetworkRococo`
    |
   ::: integration-tests/emulated/src/mock/network.rs:31:1
    |
31  | / decl_test_networks! {
32  | |     pub struct MockNetworkPolkadot {
33  | |         relay_chain = Polkadot,
34  | |         parachains = vec![
...   |
47  | |     }
48  | | }
    | |_- function or associated item `reset` not found for this struct
    |
    = help: items from traits can only be used if the trait is in scope
help: the following trait is implemented but not in scope; perhaps add a `use` for it:
    |
19  + use xcm_emulator::Network;
    |

error[E0599]: no function or associated item named `events` found for struct `para_chains::AssetHubRococo` in the current scope
   --> integration-tests/emulated/src/tests/peregrine/sudo.rs:143:31
    |
143 |               assert_eq!(AssetHubRococo::events().len(), 0);
    |                                          ^^^^^^ function or associated item not found in `AssetHubRococo`
    |
   ::: integration-tests/emulated/src/mock/para_chains.rs:124:1
    |
124 | / decl_test_parachains! {
125 | |     pub struct Spiritnet {
126 | |         genesis = spiritnet::genesis(),
127 | |         on_init = (),
...   |
198 | |     }
199 | | }
    | |_- function or associated item `events` not found for this struct
    |
    = help: items from traits can only be used if the trait is in scope
help: the following trait is implemented but not in scope; perhaps add a `use` for it:
    |
19  + use xcm_emulator::Chain;
    |

error[E0599]: no function or associated item named `reset` found for struct `MockNetworkRococo` in the current scope
   --> integration-tests/emulated/src/tests/peregrine/sudo.rs:165:22
    |
165 |           MockNetworkRococo::reset();
    |                              ^^^^^ function or associated item not found in `MockNetworkRococo`
    |
   ::: integration-tests/emulated/src/mock/network.rs:31:1
    |
31  | / decl_test_networks! {
32  | |     pub struct MockNetworkPolkadot {
33  | |         relay_chain = Polkadot,
34  | |         parachains = vec![
...   |
47  | |     }
48  | | }
    | |_- function or associated item `reset` not found for this struct
    |
    = help: items from traits can only be used if the trait is in scope
help: the following trait is implemented but not in scope; perhaps add a `use` for it:
    |
19  + use xcm_emulator::Network;
    |

error[E0599]: no function or associated item named `events` found for struct `relay_chains::Rococo` in the current scope
   --> integration-tests/emulated/src/tests/peregrine/sudo.rs:209:23
    |
209 |               assert_eq!(Rococo::events().len(), 0);
    |                                  ^^^^^^ function or associated item not found in `Rococo`
    |
   ::: integration-tests/emulated/src/mock/relay_chains.rs:20:1
    |
20  | / decl_test_relay_chains! {
21  | |     #[api_version(5)]
22  | |     pub struct Polkadot {
23  | |         genesis = polkadot::genesis(),
...   |
50  | |     },
51  | | }
    | |_- function or associated item `events` not found for this struct
    |
    = help: items from traits can only be used if the trait is in scope
help: the following trait is implemented but not in scope; perhaps add a `use` for it:
    |
19  + use xcm_emulator::Chain;
    |

error[E0599]: no function or associated item named `reset` found for struct `MockNetworkRococo` in the current scope
  --> integration-tests/emulated/src/tests/peregrine/teleportation.rs:38:21
   |
38 |       MockNetworkRococo::reset();
   |                          ^^^^^ function or associated item not found in `MockNetworkRococo`
   |
  ::: integration-tests/emulated/src/mock/network.rs:31:1
   |
31 | / decl_test_networks! {
32 | |     pub struct MockNetworkPolkadot {
33 | |         relay_chain = Polkadot,
34 | |         parachains = vec![
...  |
47 | |     }
48 | | }
   | |_- function or associated item `reset` not found for this struct
   |
   = help: items from traits can only be used if the trait is in scope
help: the following trait is implemented but not in scope; perhaps add a `use` for it:
   |
19 + use xcm_emulator::Network;
   |

error[E0599]: no function or associated item named `events` found for struct `relay_chains::Rococo` in the current scope
  --> integration-tests/emulated/src/tests/peregrine/teleportation.rs:64:22
   |
64 |           assert_eq!(Rococo::events().len(), 0);
   |                              ^^^^^^ function or associated item not found in `Rococo`
   |
  ::: integration-tests/emulated/src/mock/relay_chains.rs:20:1
   |
20 | / decl_test_relay_chains! {
21 | |     #[api_version(5)]
22 | |     pub struct Polkadot {
23 | |         genesis = polkadot::genesis(),
...  |
50 | |     },
51 | | }
   | |_- function or associated item `events` not found for this struct
   |
   = help: items from traits can only be used if the trait is in scope
help: the following trait is implemented but not in scope; perhaps add a `use` for it:
   |
19 + use xcm_emulator::Chain;
   |

error[E0599]: no function or associated item named `events` found for struct `para_chains::AssetHubRococo` in the current scope
   --> integration-tests/emulated/src/tests/peregrine/teleportation.rs:68:30
    |
68  |           assert_eq!(AssetHubRococo::events().len(), 0);
    |                                      ^^^^^^ function or associated item not found in `AssetHubRococo`
    |
   ::: integration-tests/emulated/src/mock/para_chains.rs:124:1
    |
124 | / decl_test_parachains! {
125 | |     pub struct Spiritnet {
126 | |         genesis = spiritnet::genesis(),
127 | |         on_init = (),
...   |
198 | |     }
199 | | }
    | |_- function or associated item `events` not found for this struct
    |
    = help: items from traits can only be used if the trait is in scope
help: the following trait is implemented but not in scope; perhaps add a `use` for it:
    |
19  + use xcm_emulator::Chain;
    |

error[E0599]: no function or associated item named `reset` found for struct `MockNetworkRococo` in the current scope
  --> integration-tests/emulated/src/tests/peregrine/unpaid_execution.rs:41:21
   |
41 |       MockNetworkRococo::reset();
   |                          ^^^^^ function or associated item not found in `MockNetworkRococo`
   |
  ::: integration-tests/emulated/src/mock/network.rs:31:1
   |
31 | / decl_test_networks! {
32 | |     pub struct MockNetworkPolkadot {
33 | |         relay_chain = Polkadot,
34 | |         parachains = vec![
...  |
47 | |     }
48 | | }
   | |_- function or associated item `reset` not found for this struct
   |
   = help: items from traits can only be used if the trait is in scope
help: the following trait is implemented but not in scope; perhaps add a `use` for it:
   |
19 + use xcm_emulator::Network;
   |

error[E0599]: no function or associated item named `events` found for struct `relay_chains::Rococo` in the current scope
  --> integration-tests/emulated/src/tests/peregrine/unpaid_execution.rs:88:22
   |
88 |           assert_eq!(Rococo::events().len(), 0);
   |                              ^^^^^^ function or associated item not found in `Rococo`
   |
  ::: integration-tests/emulated/src/mock/relay_chains.rs:20:1
   |
20 | / decl_test_relay_chains! {
21 | |     #[api_version(5)]
22 | |     pub struct Polkadot {
23 | |         genesis = polkadot::genesis(),
...  |
50 | |     },
51 | | }
   | |_- function or associated item `events` not found for this struct
   |
   = help: items from traits can only be used if the trait is in scope
help: the following trait is implemented but not in scope; perhaps add a `use` for it:
   |
19 + use xcm_emulator::Chain;
   |

error[E0599]: no function or associated item named `reset` found for struct `MockNetworkRococo` in the current scope
  --> integration-tests/emulated/src/tests/peregrine/unpaid_execution.rs:94:21
   |
94 |       MockNetworkRococo::reset();
   |                          ^^^^^ function or associated item not found in `MockNetworkRococo`
   |
  ::: integration-tests/emulated/src/mock/network.rs:31:1
   |
31 | / decl_test_networks! {
32 | |     pub struct MockNetworkPolkadot {
33 | |         relay_chain = Polkadot,
34 | |         parachains = vec![
...  |
47 | |     }
48 | | }
   | |_- function or associated item `reset` not found for this struct
   |
   = help: items from traits can only be used if the trait is in scope
help: the following trait is implemented but not in scope; perhaps add a `use` for it:
   |
19 + use xcm_emulator::Network;
   |

error[E0599]: no function or associated item named `events` found for struct `para_chains::AssetHubRococo` in the current scope
   --> integration-tests/emulated/src/tests/peregrine/unpaid_execution.rs:173:30
    |
173 |           assert_eq!(AssetHubRococo::events().len(), 0);
    |                                      ^^^^^^ function or associated item not found in `AssetHubRococo`
    |
   ::: integration-tests/emulated/src/mock/para_chains.rs:124:1
    |
124 | / decl_test_parachains! {
125 | |     pub struct Spiritnet {
126 | |         genesis = spiritnet::genesis(),
127 | |         on_init = (),
...   |
198 | |     }
199 | | }
    | |_- function or associated item `events` not found for this struct
    |
    = help: items from traits can only be used if the trait is in scope
help: the following trait is implemented but not in scope; perhaps add a `use` for it:
    |
19  + use xcm_emulator::Chain;
    |

error[E0599]: no function or associated item named `reset` found for struct `MockNetworkPolkadot` in the current scope
  --> integration-tests/emulated/src/tests/spiritnet/did_pallets/association.rs:54:23
   |
54 |       MockNetworkPolkadot::reset();
   |                            ^^^^^ function or associated item not found in `MockNetworkPolkadot`
   |
  ::: integration-tests/emulated/src/mock/network.rs:31:1
   |
31 | / decl_test_networks! {
32 | |     pub struct MockNetworkPolkadot {
33 | |         relay_chain = Polkadot,
34 | |         parachains = vec![
...  |
47 | |     }
48 | | }
   | |_- function or associated item `reset` not found for this struct
   |
   = help: items from traits can only be used if the trait is in scope
help: the following trait is implemented but not in scope; perhaps add a `use` for it:
   |
19 + use xcm_emulator::Network;
   |

error[E0599]: no function or associated item named `events` found for struct `relay_chains::Polkadot` in the current scope
   --> integration-tests/emulated/src/tests/spiritnet/did_pallets/association.rs:106:24
    |
106 |           assert_eq!(Polkadot::events().len(), 0);
    |                                ^^^^^^ function or associated item not found in `Polkadot`
    |
   ::: integration-tests/emulated/src/mock/relay_chains.rs:20:1
    |
20  | / decl_test_relay_chains! {
21  | |     #[api_version(5)]
22  | |     pub struct Polkadot {
23  | |         genesis = polkadot::genesis(),
...   |
50  | |     },
51  | | }
    | |_- function or associated item `events` not found for this struct
    |
    = help: items from traits can only be used if the trait is in scope
help: the following trait is implemented but not in scope; perhaps add a `use` for it:
    |
19  + use xcm_emulator::Chain;
    |

error[E0599]: no function or associated item named `reset` found for struct `MockNetworkPolkadot` in the current scope
   --> integration-tests/emulated/src/tests/spiritnet/did_pallets/association.rs:121:24
    |
121 |           MockNetworkPolkadot::reset();
    |                                ^^^^^ function or associated item not found in `MockNetworkPolkadot`
    |
   ::: integration-tests/emulated/src/mock/network.rs:31:1
    |
31  | / decl_test_networks! {
32  | |     pub struct MockNetworkPolkadot {
33  | |         relay_chain = Polkadot,
34  | |         parachains = vec![
...   |
47  | |     }
48  | | }
    | |_- function or associated item `reset` not found for this struct
    |
    = help: items from traits can only be used if the trait is in scope
help: the following trait is implemented but not in scope; perhaps add a `use` for it:
    |
19  + use xcm_emulator::Network;
    |

error[E0599]: no function or associated item named `events` found for struct `Spiritnet` in the current scope
   --> integration-tests/emulated/src/tests/spiritnet/did_pallets/association.rs:149:38
    |
149 |               let is_event_present = Spiritnet::events().iter().any(|event| {
    |                                                 ^^^^^^ function or associated item not found in `Spiritnet`
    |
   ::: integration-tests/emulated/src/mock/para_chains.rs:124:1
    |
124 | / decl_test_parachains! {
125 | |     pub struct Spiritnet {
126 | |         genesis = spiritnet::genesis(),
127 | |         on_init = (),
...   |
198 | |     }
199 | | }
    | |_- function or associated item `events` not found for this struct
    |
    = help: items from traits can only be used if the trait is in scope
help: the following trait is implemented but not in scope; perhaps add a `use` for it:
    |
19  + use xcm_emulator::Chain;
    |

error[E0599]: no function or associated item named `events` found for struct `relay_chains::Polkadot` in the current scope
   --> integration-tests/emulated/src/tests/spiritnet/did_pallets/association.rs:161:25
    |
161 |               assert_eq!(Polkadot::events().len(), 0);
    |                                    ^^^^^^ function or associated item not found in `Polkadot`
    |
   ::: integration-tests/emulated/src/mock/relay_chains.rs:20:1
    |
20  | / decl_test_relay_chains! {
21  | |     #[api_version(5)]
22  | |     pub struct Polkadot {
23  | |         genesis = polkadot::genesis(),
...   |
50  | |     },
51  | | }
    | |_- function or associated item `events` not found for this struct
    |
    = help: items from traits can only be used if the trait is in scope
help: the following trait is implemented but not in scope; perhaps add a `use` for it:
    |
19  + use xcm_emulator::Chain;
    |

error[E0599]: no function or associated item named `reset` found for struct `MockNetworkPolkadot` in the current scope
  --> integration-tests/emulated/src/tests/spiritnet/did_pallets/attestation.rs:64:23
   |
64 |       MockNetworkPolkadot::reset();
   |                            ^^^^^ function or associated item not found in `MockNetworkPolkadot`
   |
  ::: integration-tests/emulated/src/mock/network.rs:31:1
   |
31 | / decl_test_networks! {
32 | |     pub struct MockNetworkPolkadot {
33 | |         relay_chain = Polkadot,
34 | |         parachains = vec![
...  |
47 | |     }
48 | | }
   | |_- function or associated item `reset` not found for this struct
   |
   = help: items from traits can only be used if the trait is in scope
help: the following trait is implemented but not in scope; perhaps add a `use` for it:
   |
19 + use xcm_emulator::Network;
   |

error[E0599]: no function or associated item named `events` found for struct `relay_chains::Polkadot` in the current scope
   --> integration-tests/emulated/src/tests/spiritnet/did_pallets/attestation.rs:125:24
    |
125 |           assert_eq!(Polkadot::events().len(), 0);
    |                                ^^^^^^ function or associated item not found in `Polkadot`
    |
   ::: integration-tests/emulated/src/mock/relay_chains.rs:20:1
    |
20  | / decl_test_relay_chains! {
21  | |     #[api_version(5)]
22  | |     pub struct Polkadot {
23  | |         genesis = polkadot::genesis(),
...   |
50  | |     },
51  | | }
    | |_- function or associated item `events` not found for this struct
    |
    = help: items from traits can only be used if the trait is in scope
help: the following trait is implemented but not in scope; perhaps add a `use` for it:
    |
19  + use xcm_emulator::Chain;
    |

error[E0599]: no function or associated item named `reset` found for struct `MockNetworkPolkadot` in the current scope
   --> integration-tests/emulated/src/tests/spiritnet/did_pallets/attestation.rs:144:24
    |
144 |           MockNetworkPolkadot::reset();
    |                                ^^^^^ function or associated item not found in `MockNetworkPolkadot`
    |
   ::: integration-tests/emulated/src/mock/network.rs:31:1
    |
31  | / decl_test_networks! {
32  | |     pub struct MockNetworkPolkadot {
33  | |         relay_chain = Polkadot,
34  | |         parachains = vec![
...   |
47  | |     }
48  | | }
    | |_- function or associated item `reset` not found for this struct
    |
    = help: items from traits can only be used if the trait is in scope
help: the following trait is implemented but not in scope; perhaps add a `use` for it:
    |
19  + use xcm_emulator::Network;
    |

error[E0599]: no function or associated item named `events` found for struct `Spiritnet` in the current scope
   --> integration-tests/emulated/src/tests/spiritnet/did_pallets/attestation.rs:174:38
    |
174 |               let is_event_present = Spiritnet::events().iter().any(|event| {
    |                                                 ^^^^^^ function or associated item not found in `Spiritnet`
    |
   ::: integration-tests/emulated/src/mock/para_chains.rs:124:1
    |
124 | / decl_test_parachains! {
125 | |     pub struct Spiritnet {
126 | |         genesis = spiritnet::genesis(),
127 | |         on_init = (),
...   |
198 | |     }
199 | | }
    | |_- function or associated item `events` not found for this struct
    |
    = help: items from traits can only be used if the trait is in scope
help: the following trait is implemented but not in scope; perhaps add a `use` for it:
    |
19  + use xcm_emulator::Chain;
    |

error[E0599]: no function or associated item named `events` found for struct `relay_chains::Polkadot` in the current scope
   --> integration-tests/emulated/src/tests/spiritnet/did_pallets/attestation.rs:186:25
    |
186 |               assert_eq!(Polkadot::events().len(), 0);
    |                                    ^^^^^^ function or associated item not found in `Polkadot`
    |
   ::: integration-tests/emulated/src/mock/relay_chains.rs:20:1
    |
20  | / decl_test_relay_chains! {
21  | |     #[api_version(5)]
22  | |     pub struct Polkadot {
23  | |         genesis = polkadot::genesis(),
...   |
50  | |     },
51  | | }
    | |_- function or associated item `events` not found for this struct
    |
    = help: items from traits can only be used if the trait is in scope
help: the following trait is implemented but not in scope; perhaps add a `use` for it:
    |
19  + use xcm_emulator::Chain;
    |

error[E0599]: no function or associated item named `reset` found for struct `MockNetworkPolkadot` in the current scope
  --> integration-tests/emulated/src/tests/spiritnet/did_pallets/ctype.rs:54:23
   |
54 |       MockNetworkPolkadot::reset();
   |                            ^^^^^ function or associated item not found in `MockNetworkPolkadot`
   |
  ::: integration-tests/emulated/src/mock/network.rs:31:1
   |
31 | / decl_test_networks! {
32 | |     pub struct MockNetworkPolkadot {
33 | |         relay_chain = Polkadot,
34 | |         parachains = vec![
...  |
47 | |     }
48 | | }
   | |_- function or associated item `reset` not found for this struct
   |
   = help: items from traits can only be used if the trait is in scope
help: the following trait is implemented but not in scope; perhaps add a `use` for it:
   |
19 + use xcm_emulator::Network;
   |

error[E0599]: no function or associated item named `events` found for struct `relay_chains::Polkadot` in the current scope
   --> integration-tests/emulated/src/tests/spiritnet/did_pallets/ctype.rs:106:24
    |
106 |           assert_eq!(Polkadot::events().len(), 0);
    |                                ^^^^^^ function or associated item not found in `Polkadot`
    |
   ::: integration-tests/emulated/src/mock/relay_chains.rs:20:1
    |
20  | / decl_test_relay_chains! {
21  | |     #[api_version(5)]
22  | |     pub struct Polkadot {
23  | |         genesis = polkadot::genesis(),
...   |
50  | |     },
51  | | }
    | |_- function or associated item `events` not found for this struct
    |
    = help: items from traits can only be used if the trait is in scope
help: the following trait is implemented but not in scope; perhaps add a `use` for it:
    |
19  + use xcm_emulator::Chain;
    |

error[E0599]: no function or associated item named `reset` found for struct `MockNetworkPolkadot` in the current scope
   --> integration-tests/emulated/src/tests/spiritnet/did_pallets/ctype.rs:123:24
    |
123 |           MockNetworkPolkadot::reset();
    |                                ^^^^^ function or associated item not found in `MockNetworkPolkadot`
    |
   ::: integration-tests/emulated/src/mock/network.rs:31:1
    |
31  | / decl_test_networks! {
32  | |     pub struct MockNetworkPolkadot {
33  | |         relay_chain = Polkadot,
34  | |         parachains = vec![
...   |
47  | |     }
48  | | }
    | |_- function or associated item `reset` not found for this struct
    |
    = help: items from traits can only be used if the trait is in scope
help: the following trait is implemented but not in scope; perhaps add a `use` for it:
    |
19  + use xcm_emulator::Network;
    |

error[E0599]: no function or associated item named `events` found for struct `Spiritnet` in the current scope
   --> integration-tests/emulated/src/tests/spiritnet/did_pallets/ctype.rs:151:38
    |
151 |               let is_event_present = Spiritnet::events().iter().any(|event| {
    |                                                 ^^^^^^ function or associated item not found in `Spiritnet`
    |
   ::: integration-tests/emulated/src/mock/para_chains.rs:124:1
    |
124 | / decl_test_parachains! {
125 | |     pub struct Spiritnet {
126 | |         genesis = spiritnet::genesis(),
127 | |         on_init = (),
...   |
198 | |     }
199 | | }
    | |_- function or associated item `events` not found for this struct
    |
    = help: items from traits can only be used if the trait is in scope
help: the following trait is implemented but not in scope; perhaps add a `use` for it:
    |
19  + use xcm_emulator::Chain;
    |

error[E0599]: no function or associated item named `events` found for struct `relay_chains::Polkadot` in the current scope
   --> integration-tests/emulated/src/tests/spiritnet/did_pallets/ctype.rs:163:25
    |
163 |               assert_eq!(Polkadot::events().len(), 0);
    |                                    ^^^^^^ function or associated item not found in `Polkadot`
    |
   ::: integration-tests/emulated/src/mock/relay_chains.rs:20:1
    |
20  | / decl_test_relay_chains! {
21  | |     #[api_version(5)]
22  | |     pub struct Polkadot {
23  | |         genesis = polkadot::genesis(),
...   |
50  | |     },
51  | | }
    | |_- function or associated item `events` not found for this struct
    |
    = help: items from traits can only be used if the trait is in scope
help: the following trait is implemented but not in scope; perhaps add a `use` for it:
    |
19  + use xcm_emulator::Chain;
    |

error[E0599]: no function or associated item named `reset` found for struct `MockNetworkPolkadot` in the current scope
  --> integration-tests/emulated/src/tests/spiritnet/did_pallets/did.rs:52:23
   |
52 |       MockNetworkPolkadot::reset();
   |                            ^^^^^ function or associated item not found in `MockNetworkPolkadot`
   |
  ::: integration-tests/emulated/src/mock/network.rs:31:1
   |
31 | / decl_test_networks! {
32 | |     pub struct MockNetworkPolkadot {
33 | |         relay_chain = Polkadot,
34 | |         parachains = vec![
...  |
47 | |     }
48 | | }
   | |_- function or associated item `reset` not found for this struct
   |
   = help: items from traits can only be used if the trait is in scope
help: the following trait is implemented but not in scope; perhaps add a `use` for it:
   |
19 + use xcm_emulator::Network;
   |

error[E0599]: no function or associated item named `events` found for struct `relay_chains::Polkadot` in the current scope
   --> integration-tests/emulated/src/tests/spiritnet/did_pallets/did.rs:109:24
    |
109 |           assert_eq!(Polkadot::events().len(), 0);
    |                                ^^^^^^ function or associated item not found in `Polkadot`
    |
   ::: integration-tests/emulated/src/mock/relay_chains.rs:20:1
    |
20  | / decl_test_relay_chains! {
21  | |     #[api_version(5)]
22  | |     pub struct Polkadot {
23  | |         genesis = polkadot::genesis(),
...   |
50  | |     },
51  | | }
    | |_- function or associated item `events` not found for this struct
    |
    = help: items from traits can only be used if the trait is in scope
help: the following trait is implemented but not in scope; perhaps add a `use` for it:
    |
19  + use xcm_emulator::Chain;
    |

error[E0599]: no function or associated item named `reset` found for struct `MockNetworkPolkadot` in the current scope
   --> integration-tests/emulated/src/tests/spiritnet/did_pallets/did.rs:126:24
    |
126 |           MockNetworkPolkadot::reset();
    |                                ^^^^^ function or associated item not found in `MockNetworkPolkadot`
    |
   ::: integration-tests/emulated/src/mock/network.rs:31:1
    |
31  | / decl_test_networks! {
32  | |     pub struct MockNetworkPolkadot {
33  | |         relay_chain = Polkadot,
34  | |         parachains = vec![
...   |
47  | |     }
48  | | }
    | |_- function or associated item `reset` not found for this struct
    |
    = help: items from traits can only be used if the trait is in scope
help: the following trait is implemented but not in scope; perhaps add a `use` for it:
    |
19  + use xcm_emulator::Network;
    |

error[E0599]: no function or associated item named `events` found for struct `Spiritnet` in the current scope
   --> integration-tests/emulated/src/tests/spiritnet/did_pallets/did.rs:153:45
    |
153 |               let is_create_event_present = Spiritnet::events().iter().any(|event| {
    |                                                        ^^^^^^ function or associated item not found in `Spiritnet`
    |
   ::: integration-tests/emulated/src/mock/para_chains.rs:124:1
    |
124 | / decl_test_parachains! {
125 | |     pub struct Spiritnet {
126 | |         genesis = spiritnet::genesis(),
127 | |         on_init = (),
...   |
198 | |     }
199 | | }
    | |_- function or associated item `events` not found for this struct
    |
    = help: items from traits can only be used if the trait is in scope
help: the following trait is implemented but not in scope; perhaps add a `use` for it:
    |
19  + use xcm_emulator::Chain;
    |

error[E0599]: no function or associated item named `events` found for struct `relay_chains::Polkadot` in the current scope
   --> integration-tests/emulated/src/tests/spiritnet/did_pallets/did.rs:164:25
    |
164 |               assert_eq!(Polkadot::events().len(), 0);
    |                                    ^^^^^^ function or associated item not found in `Polkadot`
    |
   ::: integration-tests/emulated/src/mock/relay_chains.rs:20:1
    |
20  | / decl_test_relay_chains! {
21  | |     #[api_version(5)]
22  | |     pub struct Polkadot {
23  | |         genesis = polkadot::genesis(),
...   |
50  | |     },
51  | | }
    | |_- function or associated item `events` not found for this struct
    |
    = help: items from traits can only be used if the trait is in scope
help: the following trait is implemented but not in scope; perhaps add a `use` for it:
    |
19  + use xcm_emulator::Chain;
    |

error[E0599]: no function or associated item named `reset` found for struct `MockNetworkPolkadot` in the current scope
  --> integration-tests/emulated/src/tests/spiritnet/did_pallets/public_credentials.rs:69:23
   |
69 |       MockNetworkPolkadot::reset();
   |                            ^^^^^ function or associated item not found in `MockNetworkPolkadot`
   |
  ::: integration-tests/emulated/src/mock/network.rs:31:1
   |
31 | / decl_test_networks! {
32 | |     pub struct MockNetworkPolkadot {
33 | |         relay_chain = Polkadot,
34 | |         parachains = vec![
...  |
47 | |     }
48 | | }
   | |_- function or associated item `reset` not found for this struct
   |
   = help: items from traits can only be used if the trait is in scope
help: the following trait is implemented but not in scope; perhaps add a `use` for it:
   |
19 + use xcm_emulator::Network;
   |

error[E0599]: no function or associated item named `events` found for struct `relay_chains::Polkadot` in the current scope
   --> integration-tests/emulated/src/tests/spiritnet/did_pallets/public_credentials.rs:124:24
    |
124 |           assert_eq!(Polkadot::events().len(), 0);
    |                                ^^^^^^ function or associated item not found in `Polkadot`
    |
   ::: integration-tests/emulated/src/mock/relay_chains.rs:20:1
    |
20  | / decl_test_relay_chains! {
21  | |     #[api_version(5)]
22  | |     pub struct Polkadot {
23  | |         genesis = polkadot::genesis(),
...   |
50  | |     },
51  | | }
    | |_- function or associated item `events` not found for this struct
    |
    = help: items from traits can only be used if the trait is in scope
help: the following trait is implemented but not in scope; perhaps add a `use` for it:
    |
19  + use xcm_emulator::Chain;
    |

error[E0599]: no function or associated item named `reset` found for struct `MockNetworkPolkadot` in the current scope
   --> integration-tests/emulated/src/tests/spiritnet/did_pallets/public_credentials.rs:140:24
    |
140 |           MockNetworkPolkadot::reset();
    |                                ^^^^^ function or associated item not found in `MockNetworkPolkadot`
    |
   ::: integration-tests/emulated/src/mock/network.rs:31:1
    |
31  | / decl_test_networks! {
32  | |     pub struct MockNetworkPolkadot {
33  | |         relay_chain = Polkadot,
34  | |         parachains = vec![
...   |
47  | |     }
48  | | }
    | |_- function or associated item `reset` not found for this struct
    |
    = help: items from traits can only be used if the trait is in scope
help: the following trait is implemented but not in scope; perhaps add a `use` for it:
    |
19  + use xcm_emulator::Network;
    |

error[E0599]: no function or associated item named `events` found for struct `Spiritnet` in the current scope
   --> integration-tests/emulated/src/tests/spiritnet/did_pallets/public_credentials.rs:170:38
    |
170 |               let is_event_present = Spiritnet::events().iter().any(|event| {
    |                                                 ^^^^^^ function or associated item not found in `Spiritnet`
    |
   ::: integration-tests/emulated/src/mock/para_chains.rs:124:1
    |
124 | / decl_test_parachains! {
125 | |     pub struct Spiritnet {
126 | |         genesis = spiritnet::genesis(),
127 | |         on_init = (),
...   |
198 | |     }
199 | | }
    | |_- function or associated item `events` not found for this struct
    |
    = help: items from traits can only be used if the trait is in scope
help: the following trait is implemented but not in scope; perhaps add a `use` for it:
    |
19  + use xcm_emulator::Chain;
    |

error[E0599]: no function or associated item named `events` found for struct `relay_chains::Polkadot` in the current scope
   --> integration-tests/emulated/src/tests/spiritnet/did_pallets/public_credentials.rs:182:25
    |
182 |               assert_eq!(Polkadot::events().len(), 0);
    |                                    ^^^^^^ function or associated item not found in `Polkadot`
    |
   ::: integration-tests/emulated/src/mock/relay_chains.rs:20:1
    |
20  | / decl_test_relay_chains! {
21  | |     #[api_version(5)]
22  | |     pub struct Polkadot {
23  | |         genesis = polkadot::genesis(),
...   |
50  | |     },
51  | | }
    | |_- function or associated item `events` not found for this struct
    |
    = help: items from traits can only be used if the trait is in scope
help: the following trait is implemented but not in scope; perhaps add a `use` for it:
    |
19  + use xcm_emulator::Chain;
    |

error[E0599]: no function or associated item named `reset` found for struct `MockNetworkPolkadot` in the current scope
  --> integration-tests/emulated/src/tests/spiritnet/did_pallets/unallowed_did_call.rs:86:24
   |
86 |           MockNetworkPolkadot::reset();
   |                                ^^^^^ function or associated item not found in `MockNetworkPolkadot`
   |
  ::: integration-tests/emulated/src/mock/network.rs:31:1
   |
31 | / decl_test_networks! {
32 | |     pub struct MockNetworkPolkadot {
33 | |         relay_chain = Polkadot,
34 | |         parachains = vec![
...  |
47 | |     }
48 | | }
   | |_- function or associated item `reset` not found for this struct
   |
   = help: items from traits can only be used if the trait is in scope
help: the following trait is implemented but not in scope; perhaps add a `use` for it:
   |
19 + use xcm_emulator::Network;
   |

error[E0599]: no function or associated item named `events` found for struct `relay_chains::Polkadot` in the current scope
   --> integration-tests/emulated/src/tests/spiritnet/did_pallets/unallowed_did_call.rs:127:25
    |
127 |               assert_eq!(Polkadot::events().len(), 0);
    |                                    ^^^^^^ function or associated item not found in `Polkadot`
    |
   ::: integration-tests/emulated/src/mock/relay_chains.rs:20:1
    |
20  | / decl_test_relay_chains! {
21  | |     #[api_version(5)]
22  | |     pub struct Polkadot {
23  | |         genesis = polkadot::genesis(),
...   |
50  | |     },
51  | | }
    | |_- function or associated item `events` not found for this struct
    |
    = help: items from traits can only be used if the trait is in scope
help: the following trait is implemented but not in scope; perhaps add a `use` for it:
    |
19  + use xcm_emulator::Chain;
    |

error[E0599]: no function or associated item named `reset` found for struct `MockNetworkPolkadot` in the current scope
   --> integration-tests/emulated/src/tests/spiritnet/did_pallets/unallowed_did_call.rs:148:24
    |
148 |           MockNetworkPolkadot::reset();
    |                                ^^^^^ function or associated item not found in `MockNetworkPolkadot`
    |
   ::: integration-tests/emulated/src/mock/network.rs:31:1
    |
31  | / decl_test_networks! {
32  | |     pub struct MockNetworkPolkadot {
33  | |         relay_chain = Polkadot,
34  | |         parachains = vec![
...   |
47  | |     }
48  | | }
    | |_- function or associated item `reset` not found for this struct
    |
    = help: items from traits can only be used if the trait is in scope
help: the following trait is implemented but not in scope; perhaps add a `use` for it:
    |
19  + use xcm_emulator::Network;
    |

error[E0599]: no function or associated item named `events` found for struct `relay_chains::Polkadot` in the current scope
   --> integration-tests/emulated/src/tests/spiritnet/did_pallets/unallowed_did_call.rs:189:25
    |
189 |               assert_eq!(Polkadot::events().len(), 0);
    |                                    ^^^^^^ function or associated item not found in `Polkadot`
    |
   ::: integration-tests/emulated/src/mock/relay_chains.rs:20:1
    |
20  | / decl_test_relay_chains! {
21  | |     #[api_version(5)]
22  | |     pub struct Polkadot {
23  | |         genesis = polkadot::genesis(),
...   |
50  | |     },
51  | | }
    | |_- function or associated item `events` not found for this struct
    |
    = help: items from traits can only be used if the trait is in scope
help: the following trait is implemented but not in scope; perhaps add a `use` for it:
    |
19  + use xcm_emulator::Chain;
    |

error[E0599]: no function or associated item named `sovereign_account_id_of` found for struct `Spiritnet` in the current scope
   --> integration-tests/emulated/src/tests/spiritnet/did_pallets/utils.rs:42:13
    |
42  |       Spiritnet::sovereign_account_id_of(Spiritnet::sibling_location_of(AssetHubPolkadot::para_id()))
    |                  ^^^^^^^^^^^^^^^^^^^^^^^ function or associated item not found in `Spiritnet`
    |
   ::: integration-tests/emulated/src/mock/para_chains.rs:124:1
    |
124 | / decl_test_parachains! {
125 | |     pub struct Spiritnet {
126 | |         genesis = spiritnet::genesis(),
127 | |         on_init = (),
...   |
198 | |     }
199 | | }
    | |_- function or associated item `sovereign_account_id_of` not found for this struct
    |
    = help: items from traits can only be used if the trait is in scope
help: the following trait is implemented but not in scope; perhaps add a `use` for it:
    |
19  + use xcm_emulator::Parachain;
    |

error[E0599]: no function or associated item named `sibling_location_of` found for struct `Spiritnet` in the current scope
   --> integration-tests/emulated/src/tests/spiritnet/did_pallets/utils.rs:42:48
    |
42  |       Spiritnet::sovereign_account_id_of(Spiritnet::sibling_location_of(AssetHubPolkadot::para_id()))
    |                                                     ^^^^^^^^^^^^^^^^^^^ function or associated item not found in `Spiritnet`
    |
   ::: integration-tests/emulated/src/mock/para_chains.rs:124:1
    |
124 | / decl_test_parachains! {
125 | |     pub struct Spiritnet {
126 | |         genesis = spiritnet::genesis(),
127 | |         on_init = (),
...   |
198 | |     }
199 | | }
    | |_- function or associated item `sibling_location_of` not found for this struct
    |
    = help: items from traits can only be used if the trait is in scope
help: the following trait is implemented but not in scope; perhaps add a `use` for it:
    |
19  + use xcm_emulator::Parachain;
    |

error[E0599]: no function or associated item named `para_id` found for struct `para_chains::AssetHubPolkadot` in the current scope
   --> integration-tests/emulated/src/tests/spiritnet/did_pallets/utils.rs:42:86
    |
42  |       Spiritnet::sovereign_account_id_of(Spiritnet::sibling_location_of(AssetHubPolkadot::para_id()))
    |                                                                                           ^^^^^^^ function or associated item not found in `AssetHubPolkadot`
    |
   ::: integration-tests/emulated/src/mock/para_chains.rs:124:1
    |
124 | / decl_test_parachains! {
125 | |     pub struct Spiritnet {
126 | |         genesis = spiritnet::genesis(),
127 | |         on_init = (),
...   |
198 | |     }
199 | | }
    | |_- function or associated item `para_id` not found for this struct
    |
    = help: items from traits can only be used if the trait is in scope
help: the following trait is implemented but not in scope; perhaps add a `use` for it:
    |
19  + use xcm_emulator::Parachain;
    |

error[E0599]: no function or associated item named `reset` found for struct `MockNetworkPolkadot` in the current scope
  --> integration-tests/emulated/src/tests/spiritnet/did_pallets/w3n.rs:57:23
   |
57 |       MockNetworkPolkadot::reset();
   |                            ^^^^^ function or associated item not found in `MockNetworkPolkadot`
   |
  ::: integration-tests/emulated/src/mock/network.rs:31:1
   |
31 | / decl_test_networks! {
32 | |     pub struct MockNetworkPolkadot {
33 | |         relay_chain = Polkadot,
34 | |         parachains = vec![
...  |
47 | |     }
48 | | }
   | |_- function or associated item `reset` not found for this struct
   |
   = help: items from traits can only be used if the trait is in scope
help: the following trait is implemented but not in scope; perhaps add a `use` for it:
   |
19 + use xcm_emulator::Network;
   |

error[E0599]: no function or associated item named `events` found for struct `relay_chains::Polkadot` in the current scope
   --> integration-tests/emulated/src/tests/spiritnet/did_pallets/w3n.rs:108:24
    |
108 |           assert_eq!(Polkadot::events().len(), 0);
    |                                ^^^^^^ function or associated item not found in `Polkadot`
    |
   ::: integration-tests/emulated/src/mock/relay_chains.rs:20:1
    |
20  | / decl_test_relay_chains! {
21  | |     #[api_version(5)]
22  | |     pub struct Polkadot {
23  | |         genesis = polkadot::genesis(),
...   |
50  | |     },
51  | | }
    | |_- function or associated item `events` not found for this struct
    |
    = help: items from traits can only be used if the trait is in scope
help: the following trait is implemented but not in scope; perhaps add a `use` for it:
    |
19  + use xcm_emulator::Chain;
    |

error[E0599]: no function or associated item named `reset` found for struct `MockNetworkPolkadot` in the current scope
   --> integration-tests/emulated/src/tests/spiritnet/did_pallets/w3n.rs:123:24
    |
123 |           MockNetworkPolkadot::reset();
    |                                ^^^^^ function or associated item not found in `MockNetworkPolkadot`
    |
   ::: integration-tests/emulated/src/mock/network.rs:31:1
    |
31  | / decl_test_networks! {
32  | |     pub struct MockNetworkPolkadot {
33  | |         relay_chain = Polkadot,
34  | |         parachains = vec![
...   |
47  | |     }
48  | | }
    | |_- function or associated item `reset` not found for this struct
    |
    = help: items from traits can only be used if the trait is in scope
help: the following trait is implemented but not in scope; perhaps add a `use` for it:
    |
19  + use xcm_emulator::Network;
    |

error[E0599]: no function or associated item named `events` found for struct `Spiritnet` in the current scope
   --> integration-tests/emulated/src/tests/spiritnet/did_pallets/w3n.rs:151:38
    |
151 |               let is_event_present = Spiritnet::events().iter().any(|event| {
    |                                                 ^^^^^^ function or associated item not found in `Spiritnet`
    |
   ::: integration-tests/emulated/src/mock/para_chains.rs:124:1
    |
124 | / decl_test_parachains! {
125 | |     pub struct Spiritnet {
126 | |         genesis = spiritnet::genesis(),
127 | |         on_init = (),
...   |
198 | |     }
199 | | }
    | |_- function or associated item `events` not found for this struct
    |
    = help: items from traits can only be used if the trait is in scope
help: the following trait is implemented but not in scope; perhaps add a `use` for it:
    |
19  + use xcm_emulator::Chain;
    |

error[E0599]: no function or associated item named `events` found for struct `relay_chains::Polkadot` in the current scope
   --> integration-tests/emulated/src/tests/spiritnet/did_pallets/w3n.rs:166:25
    |
166 |               assert_eq!(Polkadot::events().len(), 0);
    |                                    ^^^^^^ function or associated item not found in `Polkadot`
    |
   ::: integration-tests/emulated/src/mock/relay_chains.rs:20:1
    |
20  | / decl_test_relay_chains! {
21  | |     #[api_version(5)]
22  | |     pub struct Polkadot {
23  | |         genesis = polkadot::genesis(),
...   |
50  | |     },
51  | | }
    | |_- function or associated item `events` not found for this struct
    |
    = help: items from traits can only be used if the trait is in scope
help: the following trait is implemented but not in scope; perhaps add a `use` for it:
    |
19  + use xcm_emulator::Chain;
    |

error[E0599]: no function or associated item named `reset` found for struct `MockNetworkPolkadot` in the current scope
  --> integration-tests/emulated/src/tests/spiritnet/reserve_transfers.rs:44:23
   |
44 |       MockNetworkPolkadot::reset();
   |                            ^^^^^ function or associated item not found in `MockNetworkPolkadot`
   |
  ::: integration-tests/emulated/src/mock/network.rs:31:1
   |
31 | / decl_test_networks! {
32 | |     pub struct MockNetworkPolkadot {
33 | |         relay_chain = Polkadot,
34 | |         parachains = vec![
...  |
47 | |     }
48 | | }
   | |_- function or associated item `reset` not found for this struct
   |
   = help: items from traits can only be used if the trait is in scope
help: the following trait is implemented but not in scope; perhaps add a `use` for it:
   |
19 + use xcm_emulator::Network;
   |

error[E0599]: no function or associated item named `events` found for struct `relay_chains::Polkadot` in the current scope
  --> integration-tests/emulated/src/tests/spiritnet/reserve_transfers.rs:80:24
   |
80 |           assert_eq!(Polkadot::events().len(), 0);
   |                                ^^^^^^ function or associated item not found in `Polkadot`
   |
  ::: integration-tests/emulated/src/mock/relay_chains.rs:20:1
   |
20 | / decl_test_relay_chains! {
21 | |     #[api_version(5)]
22 | |     pub struct Polkadot {
23 | |         genesis = polkadot::genesis(),
...  |
50 | |     },
51 | | }
   | |_- function or associated item `events` not found for this struct
   |
   = help: items from traits can only be used if the trait is in scope
help: the following trait is implemented but not in scope; perhaps add a `use` for it:
   |
19 + use xcm_emulator::Chain;
   |

error[E0599]: no function or associated item named `reset` found for struct `MockNetworkPolkadot` in the current scope
  --> integration-tests/emulated/src/tests/spiritnet/reserve_transfers.rs:86:23
   |
86 |       MockNetworkPolkadot::reset();
   |                            ^^^^^ function or associated item not found in `MockNetworkPolkadot`
   |
  ::: integration-tests/emulated/src/mock/network.rs:31:1
   |
31 | / decl_test_networks! {
32 | |     pub struct MockNetworkPolkadot {
33 | |         relay_chain = Polkadot,
34 | |         parachains = vec![
...  |
47 | |     }
48 | | }
   | |_- function or associated item `reset` not found for this struct
   |
   = help: items from traits can only be used if the trait is in scope
help: the following trait is implemented but not in scope; perhaps add a `use` for it:
   |
19 + use xcm_emulator::Network;
   |

error[E0599]: no function or associated item named `events` found for struct `relay_chains::Polkadot` in the current scope
   --> integration-tests/emulated/src/tests/spiritnet/reserve_transfers.rs:137:24
    |
137 |           assert_eq!(Polkadot::events().len(), 0);
    |                                ^^^^^^ function or associated item not found in `Polkadot`
    |
   ::: integration-tests/emulated/src/mock/relay_chains.rs:20:1
    |
20  | / decl_test_relay_chains! {
21  | |     #[api_version(5)]
22  | |     pub struct Polkadot {
23  | |         genesis = polkadot::genesis(),
...   |
50  | |     },
51  | | }
    | |_- function or associated item `events` not found for this struct
    |
    = help: items from traits can only be used if the trait is in scope
help: the following trait is implemented but not in scope; perhaps add a `use` for it:
    |
19  + use xcm_emulator::Chain;
    |

error[E0599]: no function or associated item named `reset` found for struct `MockNetworkPolkadot` in the current scope
   --> integration-tests/emulated/src/tests/spiritnet/sudo.rs:107:24
    |
107 |           MockNetworkPolkadot::reset();
    |                                ^^^^^ function or associated item not found in `MockNetworkPolkadot`
    |
   ::: integration-tests/emulated/src/mock/network.rs:31:1
    |
31  | / decl_test_networks! {
32  | |     pub struct MockNetworkPolkadot {
33  | |         relay_chain = Polkadot,
34  | |         parachains = vec![
...   |
47  | |     }
48  | | }
    | |_- function or associated item `reset` not found for this struct
    |
    = help: items from traits can only be used if the trait is in scope
help: the following trait is implemented but not in scope; perhaps add a `use` for it:
    |
19  + use xcm_emulator::Network;
    |

error[E0599]: no function or associated item named `reset` found for struct `MockNetworkPolkadot` in the current scope
   --> integration-tests/emulated/src/tests/spiritnet/sudo.rs:166:24
    |
166 |           MockNetworkPolkadot::reset();
    |                                ^^^^^ function or associated item not found in `MockNetworkPolkadot`
    |
   ::: integration-tests/emulated/src/mock/network.rs:31:1
    |
31  | / decl_test_networks! {
32  | |     pub struct MockNetworkPolkadot {
33  | |         relay_chain = Polkadot,
34  | |         parachains = vec![
...   |
47  | |     }
48  | | }
    | |_- function or associated item `reset` not found for this struct
    |
    = help: items from traits can only be used if the trait is in scope
help: the following trait is implemented but not in scope; perhaps add a `use` for it:
    |
19  + use xcm_emulator::Network;
    |

error[E0599]: no function or associated item named `events` found for struct `relay_chains::Polkadot` in the current scope
   --> integration-tests/emulated/src/tests/spiritnet/sudo.rs:208:25
    |
208 |               assert_eq!(Polkadot::events().len(), 0);
    |                                    ^^^^^^ function or associated item not found in `Polkadot`
    |
   ::: integration-tests/emulated/src/mock/relay_chains.rs:20:1
    |
20  | / decl_test_relay_chains! {
21  | |     #[api_version(5)]
22  | |     pub struct Polkadot {
23  | |         genesis = polkadot::genesis(),
...   |
50  | |     },
51  | | }
    | |_- function or associated item `events` not found for this struct
    |
    = help: items from traits can only be used if the trait is in scope
help: the following trait is implemented but not in scope; perhaps add a `use` for it:
    |
19  + use xcm_emulator::Chain;
    |

error[E0599]: no function or associated item named `reset` found for struct `MockNetworkPolkadot` in the current scope
  --> integration-tests/emulated/src/tests/spiritnet/teleportation.rs:38:23
   |
38 |       MockNetworkPolkadot::reset();
   |                            ^^^^^ function or associated item not found in `MockNetworkPolkadot`
   |
  ::: integration-tests/emulated/src/mock/network.rs:31:1
   |
31 | / decl_test_networks! {
32 | |     pub struct MockNetworkPolkadot {
33 | |         relay_chain = Polkadot,
34 | |         parachains = vec![
...  |
47 | |     }
48 | | }
   | |_- function or associated item `reset` not found for this struct
   |
   = help: items from traits can only be used if the trait is in scope
help: the following trait is implemented but not in scope; perhaps add a `use` for it:
   |
19 + use xcm_emulator::Network;
   |

error[E0599]: no function or associated item named `events` found for struct `relay_chains::Polkadot` in the current scope
  --> integration-tests/emulated/src/tests/spiritnet/teleportation.rs:65:24
   |
65 |           assert_eq!(Polkadot::events().len(), 0);
   |                                ^^^^^^ function or associated item not found in `Polkadot`
   |
  ::: integration-tests/emulated/src/mock/relay_chains.rs:20:1
   |
20 | / decl_test_relay_chains! {
21 | |     #[api_version(5)]
22 | |     pub struct Polkadot {
23 | |         genesis = polkadot::genesis(),
...  |
50 | |     },
51 | | }
   | |_- function or associated item `events` not found for this struct
   |
   = help: items from traits can only be used if the trait is in scope
help: the following trait is implemented but not in scope; perhaps add a `use` for it:
   |
19 + use xcm_emulator::Chain;
   |

error[E0599]: no function or associated item named `events` found for struct `para_chains::AssetHubPolkadot` in the current scope
   --> integration-tests/emulated/src/tests/spiritnet/teleportation.rs:69:32
    |
69  |           assert_eq!(AssetHubPolkadot::events().len(), 0);
    |                                        ^^^^^^ function or associated item not found in `AssetHubPolkadot`
    |
   ::: integration-tests/emulated/src/mock/para_chains.rs:124:1
    |
124 | / decl_test_parachains! {
125 | |     pub struct Spiritnet {
126 | |         genesis = spiritnet::genesis(),
127 | |         on_init = (),
...   |
198 | |     }
199 | | }
    | |_- function or associated item `events` not found for this struct
    |
    = help: items from traits can only be used if the trait is in scope
help: the following trait is implemented but not in scope; perhaps add a `use` for it:
    |
19  + use xcm_emulator::Chain;
    |

error[E0599]: no function or associated item named `reset` found for struct `MockNetworkPolkadot` in the current scope
  --> integration-tests/emulated/src/tests/spiritnet/unpaid_execution.rs:41:23
   |
41 |       MockNetworkPolkadot::reset();
   |                            ^^^^^ function or associated item not found in `MockNetworkPolkadot`
   |
  ::: integration-tests/emulated/src/mock/network.rs:31:1
   |
31 | / decl_test_networks! {
32 | |     pub struct MockNetworkPolkadot {
33 | |         relay_chain = Polkadot,
34 | |         parachains = vec![
...  |
47 | |     }
48 | | }
   | |_- function or associated item `reset` not found for this struct
   |
   = help: items from traits can only be used if the trait is in scope
help: the following trait is implemented but not in scope; perhaps add a `use` for it:
   |
19 + use xcm_emulator::Network;
   |

error[E0599]: no function or associated item named `events` found for struct `relay_chains::Polkadot` in the current scope
  --> integration-tests/emulated/src/tests/spiritnet/unpaid_execution.rs:89:24
   |
89 |           assert_eq!(Polkadot::events().len(), 0);
   |                                ^^^^^^ function or associated item not found in `Polkadot`
   |
  ::: integration-tests/emulated/src/mock/relay_chains.rs:20:1
   |
20 | / decl_test_relay_chains! {
21 | |     #[api_version(5)]
22 | |     pub struct Polkadot {
23 | |         genesis = polkadot::genesis(),
...  |
50 | |     },
51 | | }
   | |_- function or associated item `events` not found for this struct
   |
   = help: items from traits can only be used if the trait is in scope
help: the following trait is implemented but not in scope; perhaps add a `use` for it:
   |
19 + use xcm_emulator::Chain;
   |

error[E0599]: no function or associated item named `reset` found for struct `MockNetworkPolkadot` in the current scope
  --> integration-tests/emulated/src/tests/spiritnet/unpaid_execution.rs:95:23
   |
95 |       MockNetworkPolkadot::reset();
   |                            ^^^^^ function or associated item not found in `MockNetworkPolkadot`
   |
  ::: integration-tests/emulated/src/mock/network.rs:31:1
   |
31 | / decl_test_networks! {
32 | |     pub struct MockNetworkPolkadot {
33 | |         relay_chain = Polkadot,
34 | |         parachains = vec![
...  |
47 | |     }
48 | | }
   | |_- function or associated item `reset` not found for this struct
   |
   = help: items from traits can only be used if the trait is in scope
help: the following trait is implemented but not in scope; perhaps add a `use` for it:
   |
19 + use xcm_emulator::Network;
   |

error[E0599]: no function or associated item named `events` found for struct `para_chains::AssetHubPolkadot` in the current scope
   --> integration-tests/emulated/src/tests/spiritnet/unpaid_execution.rs:174:32
    |
174 |           assert_eq!(AssetHubPolkadot::events().len(), 0);
    |                                        ^^^^^^ function or associated item not found in `AssetHubPolkadot`
    |
   ::: integration-tests/emulated/src/mock/para_chains.rs:124:1
    |
124 | / decl_test_parachains! {
125 | |     pub struct Spiritnet {
126 | |         genesis = spiritnet::genesis(),
127 | |         on_init = (),
...   |
198 | |     }
199 | | }
    | |_- function or associated item `events` not found for this struct
    |
    = help: items from traits can only be used if the trait is in scope
help: the following trait is implemented but not in scope; perhaps add a `use` for it:
    |
19  + use xcm_emulator::Chain;
    |

warning: unused import: `Network`
  --> integration-tests/emulated/src/mock/network.rs:21:80
   |
21 |     decl_test_networks, AccountId, Ancestor, BridgeMessageHandler, MultiLocation, Network, Parachain, Parent,
   |                                                                                   ^^^^^^^

warning: unused import: `TestExt`
  --> integration-tests/emulated/src/mock/network.rs:22:14
   |
22 |     RelayChain, TestExt, X1,
   |                 ^^^^^^^

warning: unused import: `Parachain`
  --> integration-tests/emulated/src/mock/network.rs:21:89
   |
21 |     decl_test_networks, AccountId, Ancestor, BridgeMessageHandler, MultiLocation, Network, Parachain, Parent,
   |                                                                                            ^^^^^^^^^

warning: unused import: `parity_scale_codec::Encode`
  --> integration-tests/emulated/src/tests/spiritnet/did_pallets/association.rs:20:5
   |
20 | use parity_scale_codec::Encode;
   |     ^^^^^^^^^^^^^^^^^^^^^^^^^^

warning: unused import: `parity_scale_codec::Encode`
  --> integration-tests/emulated/src/tests/spiritnet/unpaid_execution.rs:24:5
   |
24 | use parity_scale_codec::Encode;
   |     ^^^^^^^^^^^^^^^^^^^^^^^^^^

warning: unused import: `parity_scale_codec::Encode`
  --> integration-tests/emulated/src/tests/peregrine/unpaid_execution.rs:24:5
   |
24 | use parity_scale_codec::Encode;
   |     ^^^^^^^^^^^^^^^^^^^^^^^^^^

warning: unused import: `parity_scale_codec::Encode`
  --> integration-tests/emulated/src/tests/peregrine/sudo.rs:20:5
   |
20 | use parity_scale_codec::Encode;
   |     ^^^^^^^^^^^^^^^^^^^^^^^^^^

warning: unused import: `Parachain`
  --> integration-tests/emulated/src/mock/para_chains.rs:21:64
   |
21 | use xcm_emulator::{decl_test_parachains, BridgeMessageHandler, Parachain, TestExt};
   |                                                                ^^^^^^^^^

warning: unused import: `TestExt`
  --> integration-tests/emulated/src/mock/para_chains.rs:21:75
   |
21 | use xcm_emulator::{decl_test_parachains, BridgeMessageHandler, Parachain, TestExt};
   |                                                                           ^^^^^^^

warning: unused import: `parity_scale_codec::Encode`
  --> integration-tests/emulated/src/tests/spiritnet/sudo.rs:21:5
   |
21 | use parity_scale_codec::Encode;
   |     ^^^^^^^^^^^^^^^^^^^^^^^^^^

warning: unused import: `sp_runtime::traits::Zero`
  --> integration-tests/emulated/src/tests/spiritnet/reserve_transfers.rs:23:5
   |
23 | use sp_runtime::traits::Zero;
   |     ^^^^^^^^^^^^^^^^^^^^^^^^

warning: unused import: `parity_scale_codec::Encode`
  --> integration-tests/emulated/src/tests/spiritnet/did_pallets/w3n.rs:20:5
   |
20 | use parity_scale_codec::Encode;
   |     ^^^^^^^^^^^^^^^^^^^^^^^^^^

warning: unused import: `parity_scale_codec::Encode`
  --> integration-tests/emulated/src/tests/spiritnet/did_pallets/unallowed_did_call.rs:20:5
   |
20 | use parity_scale_codec::Encode;
   |     ^^^^^^^^^^^^^^^^^^^^^^^^^^

warning: unused import: `parity_scale_codec::Encode`
  --> integration-tests/emulated/src/tests/spiritnet/did_pallets/public_credentials.rs:20:5
   |
20 | use parity_scale_codec::Encode;
   |     ^^^^^^^^^^^^^^^^^^^^^^^^^^

warning: unused import: `parity_scale_codec::Encode`
  --> integration-tests/emulated/src/tests/spiritnet/did_pallets/did.rs:22:5
   |
22 | use parity_scale_codec::Encode;
   |     ^^^^^^^^^^^^^^^^^^^^^^^^^^

warning: unused import: `TestExt`
  --> integration-tests/emulated/src/mock/relay_chains.rs:18:81
   |
18 | use xcm_emulator::{decl_test_relay_chains, DefaultMessageProcessor, RelayChain, TestExt, XcmHash};
   |                                                                                 ^^^^^^^

warning: unused import: `parity_scale_codec::Encode`
  --> integration-tests/emulated/src/tests/spiritnet/did_pallets/ctype.rs:20:5
   |
20 | use parity_scale_codec::Encode;
   |     ^^^^^^^^^^^^^^^^^^^^^^^^^^

warning: unused import: `parity_scale_codec::Encode`
  --> integration-tests/emulated/src/tests/spiritnet/did_pallets/attestation.rs:20:5
   |
20 | use parity_scale_codec::Encode;
   |     ^^^^^^^^^^^^^^^^^^^^^^^^^^

warning: unused import: `parity_scale_codec::Encode`
  --> integration-tests/emulated/src/tests/peregrine/did_pallets/association.rs:20:5
   |
20 | use parity_scale_codec::Encode;
   |     ^^^^^^^^^^^^^^^^^^^^^^^^^^

warning: unused import: `parity_scale_codec::Encode`
  --> integration-tests/emulated/src/tests/peregrine/did_pallets/attestation.rs:20:5
   |
20 | use parity_scale_codec::Encode;
   |     ^^^^^^^^^^^^^^^^^^^^^^^^^^

warning: unused import: `parity_scale_codec::Encode`
  --> integration-tests/emulated/src/tests/peregrine/did_pallets/ctype.rs:20:5
   |
20 | use parity_scale_codec::Encode;
   |     ^^^^^^^^^^^^^^^^^^^^^^^^^^

warning: unused import: `parity_scale_codec::Encode`
  --> integration-tests/emulated/src/tests/peregrine/did_pallets/did.rs:22:5
   |
22 | use parity_scale_codec::Encode;
   |     ^^^^^^^^^^^^^^^^^^^^^^^^^^

warning: unused import: `parity_scale_codec::Encode`
  --> integration-tests/emulated/src/tests/peregrine/did_pallets/public_credentials.rs:20:5
   |
20 | use parity_scale_codec::Encode;
   |     ^^^^^^^^^^^^^^^^^^^^^^^^^^

warning: unused import: `parity_scale_codec::Encode`
  --> integration-tests/emulated/src/tests/peregrine/did_pallets/unallowed_did_call.rs:20:5
   |
20 | use parity_scale_codec::Encode;
   |     ^^^^^^^^^^^^^^^^^^^^^^^^^^

warning: unused import: `parity_scale_codec::Encode`
  --> integration-tests/emulated/src/tests/peregrine/did_pallets/w3n.rs:20:5
   |
20 | use parity_scale_codec::Encode;
   |     ^^^^^^^^^^^^^^^^^^^^^^^^^^

warning: unused import: `sp_runtime::traits::Zero`
  --> integration-tests/emulated/src/tests/peregrine/reserve_transfers.rs:24:5
   |
24 | use sp_runtime::traits::Zero;
   |     ^^^^^^^^^^^^^^^^^^^^^^^^

Some errors have detailed explanations: E0271, E0308, E0432, E0433, E0576, E0599, E0603.
For more information about an error, try `rustc --explain E0271`.
warning: `xcm-integration-tests` (lib test) generated 32 warnings
error: could not compile `xcm-integration-tests` (lib test) due to 308 previous errors; 32 warnings emitted
